ERROR - 2023-11-28 13:39:47 --> mysqli_sql_exception: Unknown column 'tbl_logs.ticketid' in 'where clause' in /home/itblaster/repositories/itblaster/codeigniter/vendor/codeigniter4/framework/system/Database/MySQLi/Connection.php:295
Stack trace:
#0 /home/itblaster/repositories/itblaster/codeigniter/vendor/codeigniter4/framework/system/Database/MySQLi/Connection.php(295): mysqli->query('SELECT `tbl_log...', 0)
#1 /home/itblaster/repositories/itblaster/codeigniter/vendor/codeigniter4/framework/system/Database/BaseConnection.php(691): CodeIgniter\Database\MySQLi\Connection->execute('SELECT `tbl_log...')
#2 /home/itblaster/repositories/itblaster/codeigniter/vendor/codeigniter4/framework/system/Database/BaseConnection.php(605): CodeIgniter\Database\BaseConnection->simpleQuery('SELECT `tbl_log...')
#3 /home/itblaster/repositories/itblaster/codeigniter/vendor/codeigniter4/framework/system/Database/BaseBuilder.php(1616): CodeIgniter\Database\BaseConnection->query('SELECT `tbl_log...', Array, false)
#4 /home/itblaster/repositories/itblaster/codeigniter/vendor/codeigniter4/framework/system/Model.php(241): CodeIgniter\Database\BaseBuilder->get()
#5 /home/itblaster/repositories/itblaster/codeigniter/vendor/codeigniter4/framework/system/BaseModel.php(618): CodeIgniter\Model->doFindAll(0, 0)
#6 /home/itblaster/repositories/itblaster/codeigniter/app/Controllers/TicketController.php(556): CodeIgniter\BaseModel->findAll()
#7 /home/itblaster/repositories/itblaster/codeigniter/vendor/codeigniter4/framework/system/CodeIgniter.php(934): App\Controllers\TicketController->getTicketHistory('1123')
#8 /home/itblaster/repositories/itblaster/codeigniter/vendor/codeigniter4/framework/system/CodeIgniter.php(499): CodeIgniter\CodeIgniter->runController(Object(App\Controllers\TicketController))
#9 /home/itblaster/repositories/itblaster/codeigniter/vendor/codeigniter4/framework/system/CodeIgniter.php(368): CodeIgniter\CodeIgniter->handleRequest(NULL, Object(Config\Cache), false)
#10 /home/itblaster/public_html/index.php(66): CodeIgniter\CodeIgniter->run()
#11 {main}
CRITICAL - 2023-11-28 13:39:47 --> Unknown column 'tbl_logs.ticketid' in 'where clause'
in SYSTEMPATH/Database/BaseConnection.php on line 645.
 1 SYSTEMPATH/Database/BaseBuilder.php(1616): CodeIgniter\Database\BaseConnection->query('SELECT `tbl_logs`.*, `tbl_ticket`.`ticketid`, `user`.`name`
FROM `tbl_logs`
JOIN `tbl_ticket` ON `tbl_ticket`.`projectid` = `tbl_logs`.`projectid`
JOIN `user` ON `user`.`id` = `tbl_logs`.`userid`
WHERE `tbl_logs`.`ticketid` = :tbl_logs.ticketid:', [...], false)
 2 SYSTEMPATH/Model.php(241): CodeIgniter\Database\BaseBuilder->get()
 3 SYSTEMPATH/BaseModel.php(618): CodeIgniter\Model->doFindAll(0, 0)
 4 APPPATH/Controllers/TicketController.php(556): CodeIgniter\BaseModel->findAll()
 5 SYSTEMPATH/CodeIgniter.php(934): App\Controllers\TicketController->getTicketHistory('1123')
 6 SYSTEMPATH/CodeIgniter.php(499): CodeIgniter\CodeIgniter->runController(Object(App\Controllers\TicketController))
 7 SYSTEMPATH/CodeIgniter.php(368): CodeIgniter\CodeIgniter->handleRequest(null, Object(Config\Cache), false)
 8 FCPATH/index.php(66): CodeIgniter\CodeIgniter->run()
ERROR - 2023-11-28 13:40:03 --> mysqli_sql_exception: Unknown column 'tbl_logs.ticketid' in 'where clause' in /home/itblaster/repositories/itblaster/codeigniter/vendor/codeigniter4/framework/system/Database/MySQLi/Connection.php:295
Stack trace:
#0 /home/itblaster/repositories/itblaster/codeigniter/vendor/codeigniter4/framework/system/Database/MySQLi/Connection.php(295): mysqli->query('SELECT `tbl_log...', 0)
#1 /home/itblaster/repositories/itblaster/codeigniter/vendor/codeigniter4/framework/system/Database/BaseConnection.php(691): CodeIgniter\Database\MySQLi\Connection->execute('SELECT `tbl_log...')
#2 /home/itblaster/repositories/itblaster/codeigniter/vendor/codeigniter4/framework/system/Database/BaseConnection.php(605): CodeIgniter\Database\BaseConnection->simpleQuery('SELECT `tbl_log...')
#3 /home/itblaster/repositories/itblaster/codeigniter/vendor/codeigniter4/framework/system/Database/BaseBuilder.php(1616): CodeIgniter\Database\BaseConnection->query('SELECT `tbl_log...', Array, false)
#4 /home/itblaster/repositories/itblaster/codeigniter/vendor/codeigniter4/framework/system/Model.php(241): CodeIgniter\Database\BaseBuilder->get()
#5 /home/itblaster/repositories/itblaster/codeigniter/vendor/codeigniter4/framework/system/BaseModel.php(618): CodeIgniter\Model->doFindAll(0, 0)
#6 /home/itblaster/repositories/itblaster/codeigniter/app/Controllers/TicketController.php(556): CodeIgniter\BaseModel->findAll()
#7 /home/itblaster/repositories/itblaster/codeigniter/vendor/codeigniter4/framework/system/CodeIgniter.php(934): App\Controllers\TicketController->getTicketHistory('1123')
#8 /home/itblaster/repositories/itblaster/codeigniter/vendor/codeigniter4/framework/system/CodeIgniter.php(499): CodeIgniter\CodeIgniter->runController(Object(App\Controllers\TicketController))
#9 /home/itblaster/repositories/itblaster/codeigniter/vendor/codeigniter4/framework/system/CodeIgniter.php(368): CodeIgniter\CodeIgniter->handleRequest(NULL, Object(Config\Cache), false)
#10 /home/itblaster/public_html/index.php(66): CodeIgniter\CodeIgniter->run()
#11 {main}
CRITICAL - 2023-11-28 13:40:03 --> Unknown column 'tbl_logs.ticketid' in 'where clause'
in SYSTEMPATH/Database/BaseConnection.php on line 645.
 1 SYSTEMPATH/Database/BaseBuilder.php(1616): CodeIgniter\Database\BaseConnection->query('SELECT `tbl_logs`.*, `tbl_ticket`.`ticketid`, `user`.`name`
FROM `tbl_logs`
JOIN `tbl_ticket` ON `tbl_ticket`.`projectid` = `tbl_logs`.`projectid`
JOIN `user` ON `user`.`id` = `tbl_logs`.`userid`
WHERE `tbl_logs`.`ticketid` = :tbl_logs.ticketid:', [...], false)
 2 SYSTEMPATH/Model.php(241): CodeIgniter\Database\BaseBuilder->get()
 3 SYSTEMPATH/BaseModel.php(618): CodeIgniter\Model->doFindAll(0, 0)
 4 APPPATH/Controllers/TicketController.php(556): CodeIgniter\BaseModel->findAll()
 5 SYSTEMPATH/CodeIgniter.php(934): App\Controllers\TicketController->getTicketHistory('1123')
 6 SYSTEMPATH/CodeIgniter.php(499): CodeIgniter\CodeIgniter->runController(Object(App\Controllers\TicketController))
 7 SYSTEMPATH/CodeIgniter.php(368): CodeIgniter\CodeIgniter->handleRequest(null, Object(Config\Cache), false)
 8 FCPATH/index.php(66): CodeIgniter\CodeIgniter->run()
ERROR - 2023-11-28 13:40:11 --> mysqli_sql_exception: Unknown column 'tbl_logs.ticketid' in 'where clause' in /home/itblaster/repositories/itblaster/codeigniter/vendor/codeigniter4/framework/system/Database/MySQLi/Connection.php:295
Stack trace:
#0 /home/itblaster/repositories/itblaster/codeigniter/vendor/codeigniter4/framework/system/Database/MySQLi/Connection.php(295): mysqli->query('SELECT `tbl_log...', 0)
#1 /home/itblaster/repositories/itblaster/codeigniter/vendor/codeigniter4/framework/system/Database/BaseConnection.php(691): CodeIgniter\Database\MySQLi\Connection->execute('SELECT `tbl_log...')
#2 /home/itblaster/repositories/itblaster/codeigniter/vendor/codeigniter4/framework/system/Database/BaseConnection.php(605): CodeIgniter\Database\BaseConnection->simpleQuery('SELECT `tbl_log...')
#3 /home/itblaster/repositories/itblaster/codeigniter/vendor/codeigniter4/framework/system/Database/BaseBuilder.php(1616): CodeIgniter\Database\BaseConnection->query('SELECT `tbl_log...', Array, false)
#4 /home/itblaster/repositories/itblaster/codeigniter/vendor/codeigniter4/framework/system/Model.php(241): CodeIgniter\Database\BaseBuilder->get()
#5 /home/itblaster/repositories/itblaster/codeigniter/vendor/codeigniter4/framework/system/BaseModel.php(618): CodeIgniter\Model->doFindAll(0, 0)
#6 /home/itblaster/repositories/itblaster/codeigniter/app/Controllers/TicketController.php(556): CodeIgniter\BaseModel->findAll()
#7 /home/itblaster/repositories/itblaster/codeigniter/vendor/codeigniter4/framework/system/CodeIgniter.php(934): App\Controllers\TicketController->getTicketHistory('1123')
#8 /home/itblaster/repositories/itblaster/codeigniter/vendor/codeigniter4/framework/system/CodeIgniter.php(499): CodeIgniter\CodeIgniter->runController(Object(App\Controllers\TicketController))
#9 /home/itblaster/repositories/itblaster/codeigniter/vendor/codeigniter4/framework/system/CodeIgniter.php(368): CodeIgniter\CodeIgniter->handleRequest(NULL, Object(Config\Cache), false)
#10 /home/itblaster/public_html/index.php(66): CodeIgniter\CodeIgniter->run()
#11 {main}
CRITICAL - 2023-11-28 13:40:11 --> Unknown column 'tbl_logs.ticketid' in 'where clause'
in SYSTEMPATH/Database/BaseConnection.php on line 645.
 1 SYSTEMPATH/Database/BaseBuilder.php(1616): CodeIgniter\Database\BaseConnection->query('SELECT `tbl_logs`.*, `tbl_ticket`.`ticketid`, `user`.`name`
FROM `tbl_logs`
JOIN `tbl_ticket` ON `tbl_ticket`.`projectid` = `tbl_logs`.`projectid`
JOIN `user` ON `user`.`id` = `tbl_logs`.`userid`
WHERE `tbl_logs`.`ticketid` = :tbl_logs.ticketid:', [...], false)
 2 SYSTEMPATH/Model.php(241): CodeIgniter\Database\BaseBuilder->get()
 3 SYSTEMPATH/BaseModel.php(618): CodeIgniter\Model->doFindAll(0, 0)
 4 APPPATH/Controllers/TicketController.php(556): CodeIgniter\BaseModel->findAll()
 5 SYSTEMPATH/CodeIgniter.php(934): App\Controllers\TicketController->getTicketHistory('1123')
 6 SYSTEMPATH/CodeIgniter.php(499): CodeIgniter\CodeIgniter->runController(Object(App\Controllers\TicketController))
 7 SYSTEMPATH/CodeIgniter.php(368): CodeIgniter\CodeIgniter->handleRequest(null, Object(Config\Cache), false)
 8 FCPATH/index.php(66): CodeIgniter\CodeIgniter->run()
ERROR - 2023-11-28 13:40:30 --> mysqli_sql_exception: Unknown column 'tbl_logs.ticketid' in 'where clause' in /home/itblaster/repositories/itblaster/codeigniter/vendor/codeigniter4/framework/system/Database/MySQLi/Connection.php:295
Stack trace:
#0 /home/itblaster/repositories/itblaster/codeigniter/vendor/codeigniter4/framework/system/Database/MySQLi/Connection.php(295): mysqli->query('SELECT `tbl_log...', 0)
#1 /home/itblaster/repositories/itblaster/codeigniter/vendor/codeigniter4/framework/system/Database/BaseConnection.php(691): CodeIgniter\Database\MySQLi\Connection->execute('SELECT `tbl_log...')
#2 /home/itblaster/repositories/itblaster/codeigniter/vendor/codeigniter4/framework/system/Database/BaseConnection.php(605): CodeIgniter\Database\BaseConnection->simpleQuery('SELECT `tbl_log...')
#3 /home/itblaster/repositories/itblaster/codeigniter/vendor/codeigniter4/framework/system/Database/BaseBuilder.php(1616): CodeIgniter\Database\BaseConnection->query('SELECT `tbl_log...', Array, false)
#4 /home/itblaster/repositories/itblaster/codeigniter/vendor/codeigniter4/framework/system/Model.php(241): CodeIgniter\Database\BaseBuilder->get()
#5 /home/itblaster/repositories/itblaster/codeigniter/vendor/codeigniter4/framework/system/BaseModel.php(618): CodeIgniter\Model->doFindAll(0, 0)
#6 /home/itblaster/repositories/itblaster/codeigniter/app/Controllers/TicketController.php(556): CodeIgniter\BaseModel->findAll()
#7 /home/itblaster/repositories/itblaster/codeigniter/vendor/codeigniter4/framework/system/CodeIgniter.php(934): App\Controllers\TicketController->getTicketHistory('1123')
#8 /home/itblaster/repositories/itblaster/codeigniter/vendor/codeigniter4/framework/system/CodeIgniter.php(499): CodeIgniter\CodeIgniter->runController(Object(App\Controllers\TicketController))
#9 /home/itblaster/repositories/itblaster/codeigniter/vendor/codeigniter4/framework/system/CodeIgniter.php(368): CodeIgniter\CodeIgniter->handleRequest(NULL, Object(Config\Cache), false)
#10 /home/itblaster/public_html/index.php(66): CodeIgniter\CodeIgniter->run()
#11 {main}
CRITICAL - 2023-11-28 13:40:30 --> Unknown column 'tbl_logs.ticketid' in 'where clause'
in SYSTEMPATH/Database/BaseConnection.php on line 645.
 1 SYSTEMPATH/Database/BaseBuilder.php(1616): CodeIgniter\Database\BaseConnection->query('SELECT `tbl_logs`.*, `tbl_ticket`.`ticketid`, `user`.`name`
FROM `tbl_logs`
JOIN `tbl_ticket` ON `tbl_ticket`.`projectid` = `tbl_logs`.`projectid`
JOIN `user` ON `user`.`id` = `tbl_logs`.`userid`
WHERE `tbl_logs`.`ticketid` = :tbl_logs.ticketid:', [...], false)
 2 SYSTEMPATH/Model.php(241): CodeIgniter\Database\BaseBuilder->get()
 3 SYSTEMPATH/BaseModel.php(618): CodeIgniter\Model->doFindAll(0, 0)
 4 APPPATH/Controllers/TicketController.php(556): CodeIgniter\BaseModel->findAll()
 5 SYSTEMPATH/CodeIgniter.php(934): App\Controllers\TicketController->getTicketHistory('1123')
 6 SYSTEMPATH/CodeIgniter.php(499): CodeIgniter\CodeIgniter->runController(Object(App\Controllers\TicketController))
 7 SYSTEMPATH/CodeIgniter.php(368): CodeIgniter\CodeIgniter->handleRequest(null, Object(Config\Cache), false)
 8 FCPATH/index.php(66): CodeIgniter\CodeIgniter->run()
ERROR - 2023-11-28 16:03:22 --> mysqli_sql_exception: Unknown column 'tbl_logs.ticketid' in 'where clause' in /home/itblaster/repositories/itblaster/codeigniter/vendor/codeigniter4/framework/system/Database/MySQLi/Connection.php:295
Stack trace:
#0 /home/itblaster/repositories/itblaster/codeigniter/vendor/codeigniter4/framework/system/Database/MySQLi/Connection.php(295): mysqli->query('SELECT `tbl_log...', 0)
#1 /home/itblaster/repositories/itblaster/codeigniter/vendor/codeigniter4/framework/system/Database/BaseConnection.php(691): CodeIgniter\Database\MySQLi\Connection->execute('SELECT `tbl_log...')
#2 /home/itblaster/repositories/itblaster/codeigniter/vendor/codeigniter4/framework/system/Database/BaseConnection.php(605): CodeIgniter\Database\BaseConnection->simpleQuery('SELECT `tbl_log...')
#3 /home/itblaster/repositories/itblaster/codeigniter/vendor/codeigniter4/framework/system/Database/BaseBuilder.php(1616): CodeIgniter\Database\BaseConnection->query('SELECT `tbl_log...', Array, false)
#4 /home/itblaster/repositories/itblaster/codeigniter/vendor/codeigniter4/framework/system/Model.php(241): CodeIgniter\Database\BaseBuilder->get()
#5 /home/itblaster/repositories/itblaster/codeigniter/vendor/codeigniter4/framework/system/BaseModel.php(618): CodeIgniter\Model->doFindAll(0, 0)
#6 /home/itblaster/repositories/itblaster/codeigniter/app/Controllers/TicketController.php(556): CodeIgniter\BaseModel->findAll()
#7 /home/itblaster/repositories/itblaster/codeigniter/vendor/codeigniter4/framework/system/CodeIgniter.php(934): App\Controllers\TicketController->getTicketHistory('1144')
#8 /home/itblaster/repositories/itblaster/codeigniter/vendor/codeigniter4/framework/system/CodeIgniter.php(499): CodeIgniter\CodeIgniter->runController(Object(App\Controllers\TicketController))
#9 /home/itblaster/repositories/itblaster/codeigniter/vendor/codeigniter4/framework/system/CodeIgniter.php(368): CodeIgniter\CodeIgniter->handleRequest(NULL, Object(Config\Cache), false)
#10 /home/itblaster/public_html/index.php(66): CodeIgniter\CodeIgniter->run()
#11 {main}
CRITICAL - 2023-11-28 16:03:22 --> Unknown column 'tbl_logs.ticketid' in 'where clause'
in SYSTEMPATH/Database/BaseConnection.php on line 645.
 1 SYSTEMPATH/Database/BaseBuilder.php(1616): CodeIgniter\Database\BaseConnection->query('SELECT `tbl_logs`.*, `tbl_ticket`.`ticketid`, `user`.`name`
FROM `tbl_logs`
JOIN `tbl_ticket` ON `tbl_ticket`.`projectid` = `tbl_logs`.`projectid`
JOIN `user` ON `user`.`id` = `tbl_logs`.`userid`
WHERE `tbl_logs`.`ticketid` = :tbl_logs.ticketid:', [...], false)
 2 SYSTEMPATH/Model.php(241): CodeIgniter\Database\BaseBuilder->get()
 3 SYSTEMPATH/BaseModel.php(618): CodeIgniter\Model->doFindAll(0, 0)
 4 APPPATH/Controllers/TicketController.php(556): CodeIgniter\BaseModel->findAll()
 5 SYSTEMPATH/CodeIgniter.php(934): App\Controllers\TicketController->getTicketHistory('1144')
 6 SYSTEMPATH/CodeIgniter.php(499): CodeIgniter\CodeIgniter->runController(Object(App\Controllers\TicketController))
 7 SYSTEMPATH/CodeIgniter.php(368): CodeIgniter\CodeIgniter->handleRequest(null, Object(Config\Cache), false)
 8 FCPATH/index.php(66): CodeIgniter\CodeIgniter->run()
CRITICAL - 2023-11-28 16:51:53 --> Undefined variable $active_project_count
in APPPATH/Views/ticket/ticket_board_list.php on line 187.
 1 APPPATH/Views/ticket/ticket_board_list.php(187): CodeIgniter\Debug\Exceptions->errorHandler(2, 'Undefined variable $active_project_count', 'APPPATH/Views/ticket/ticket_board_list.php', 187)
 2 SYSTEMPATH/View/View.php(213): include('APPPATH/Views/ticket/ticket_board_list.php')
 3 SYSTEMPATH/View/View.php(216): CodeIgniter\View\View->CodeIgniter\View\{closure}()
 4 SYSTEMPATH/Common.php(1184): CodeIgniter\View\View->render('ticket/ticket_board_list', [], true)
 5 APPPATH/Controllers/TicketController.php(230): view('ticket/ticket_board_list', [...])
 6 SYSTEMPATH/CodeIgniter.php(934): App\Controllers\TicketController->index()
 7 SYSTEMPATH/CodeIgniter.php(499): CodeIgniter\CodeIgniter->runController(Object(App\Controllers\TicketController))
 8 SYSTEMPATH/CodeIgniter.php(368): CodeIgniter\CodeIgniter->handleRequest(null, Object(Config\Cache), false)
 9 FCPATH/index.php(66): CodeIgniter\CodeIgniter->run()
CRITICAL - 2023-11-28 16:51:53 --> Allowed memory size of 33554432 bytes exhausted (tried to allocate 18878464 bytes)
【Previous Exception】
ErrorException
Undefined variable $active_project_count
#0 /home/itblaster/repositories/itblaster/codeigniter/app/Views/ticket/ticket_board_list.php(187): CodeIgniter\Debug\Exceptions->errorHandler(2, 'Undefined varia...', '/home/itblaster...', 187)
#1 /home/itblaster/repositories/itblaster/codeigniter/vendor/codeigniter4/framework/system/View/View.php(213): include('/home/itblaster...')
#2 /home/itblaster/repositories/itblaster/codeigniter/vendor/codeigniter4/framework/system/View/View.php(216): CodeIgniter\View\View->CodeIgniter\View\{closure}()
#3 /home/itblaster/repositories/itblaster/codeigniter/vendor/codeigniter4/framework/system/Common.php(1184): CodeIgniter\View\View->render('ticket/ticket_b...', Array, true)
#4 /home/itblaster/repositories/itblaster/codeigniter/app/Controllers/TicketController.php(230): view('ticket/ticket_b...', Array)
#5 /home/itblaster/repositories/itblaster/codeigniter/vendor/codeigniter4/framework/system/CodeIgniter.php(934): App\Controllers\TicketController->index()
#6 /home/itblaster/repositories/itblaster/codeigniter/vendor/codeigniter4/framework/system/CodeIgniter.php(499): CodeIgniter\CodeIgniter->runController(Object(App\Controllers\TicketController))
#7 /home/itblaster/repositories/itblaster/codeigniter/vendor/codeigniter4/framework/system/CodeIgniter.php(368): CodeIgniter\CodeIgniter->handleRequest(NULL, Object(Config\Cache), false)
#8 /home/itblaster/public_html/index.php(66): CodeIgniter\CodeIgniter->run()
#9 {main}
in APPPATH/Views/errors/html/error_exception.php on line 101.
 1 [internal function]: CodeIgniter\Debug\Exceptions->shutdownHandler()
