CRITICAL - 2023-09-16 09:21:16 --> Trying to access array offset on value of type null
in APPPATH/Controllers/ProjectController.php on line 202.
 1 APPPATH/Controllers/ProjectController.php(202): CodeIgniter\Debug\Exceptions->errorHandler(2, 'Trying to access array offset on value of type null', 'APPPATH/Controllers/ProjectController.php', 202)
 2 SYSTEMPATH/CodeIgniter.php(934): App\Controllers\ProjectController->getAllData()
 3 SYSTEMPATH/CodeIgniter.php(499): CodeIgniter\CodeIgniter->runController(Object(App\Controllers\ProjectController))
 4 SYSTEMPATH/CodeIgniter.php(368): CodeIgniter\CodeIgniter->handleRequest(null, Object(Config\Cache), false)
 5 FCPATH/index.php(66): CodeIgniter\CodeIgniter->run()
CRITICAL - 2023-09-16 09:21:26 --> Trying to access array offset on value of type null
in APPPATH/Controllers/ProjectController.php on line 202.
 1 APPPATH/Controllers/ProjectController.php(202): CodeIgniter\Debug\Exceptions->errorHandler(2, 'Trying to access array offset on value of type null', 'APPPATH/Controllers/ProjectController.php', 202)
 2 SYSTEMPATH/CodeIgniter.php(934): App\Controllers\ProjectController->getAllData()
 3 SYSTEMPATH/CodeIgniter.php(499): CodeIgniter\CodeIgniter->runController(Object(App\Controllers\ProjectController))
 4 SYSTEMPATH/CodeIgniter.php(368): CodeIgniter\CodeIgniter->handleRequest(null, Object(Config\Cache), false)
 5 FCPATH/index.php(66): CodeIgniter\CodeIgniter->run()
CRITICAL - 2023-09-16 09:23:36 --> Trying to access array offset on value of type null
in APPPATH/Controllers/ProjectController.php on line 202.
 1 APPPATH/Controllers/ProjectController.php(202): CodeIgniter\Debug\Exceptions->errorHandler(2, 'Trying to access array offset on value of type null', 'APPPATH/Controllers/ProjectController.php', 202)
 2 SYSTEMPATH/CodeIgniter.php(934): App\Controllers\ProjectController->getAllData()
 3 SYSTEMPATH/CodeIgniter.php(499): CodeIgniter\CodeIgniter->runController(Object(App\Controllers\ProjectController))
 4 SYSTEMPATH/CodeIgniter.php(368): CodeIgniter\CodeIgniter->handleRequest(null, Object(Config\Cache), false)
 5 FCPATH/index.php(66): CodeIgniter\CodeIgniter->run()
CRITICAL - 2023-09-16 09:24:12 --> Trying to access array offset on value of type null
in APPPATH/Controllers/ProjectController.php on line 202.
 1 APPPATH/Controllers/ProjectController.php(202): CodeIgniter\Debug\Exceptions->errorHandler(2, 'Trying to access array offset on value of type null', 'APPPATH/Controllers/ProjectController.php', 202)
 2 SYSTEMPATH/CodeIgniter.php(934): App\Controllers\ProjectController->getAllData()
 3 SYSTEMPATH/CodeIgniter.php(499): CodeIgniter\CodeIgniter->runController(Object(App\Controllers\ProjectController))
 4 SYSTEMPATH/CodeIgniter.php(368): CodeIgniter\CodeIgniter->handleRequest(null, Object(Config\Cache), false)
 5 FCPATH/index.php(66): CodeIgniter\CodeIgniter->run()
CRITICAL - 2023-09-16 09:24:20 --> Trying to access array offset on value of type null
in APPPATH/Controllers/ProjectController.php on line 202.
 1 APPPATH/Controllers/ProjectController.php(202): CodeIgniter\Debug\Exceptions->errorHandler(2, 'Trying to access array offset on value of type null', 'APPPATH/Controllers/ProjectController.php', 202)
 2 SYSTEMPATH/CodeIgniter.php(934): App\Controllers\ProjectController->getAllData()
 3 SYSTEMPATH/CodeIgniter.php(499): CodeIgniter\CodeIgniter->runController(Object(App\Controllers\ProjectController))
 4 SYSTEMPATH/CodeIgniter.php(368): CodeIgniter\CodeIgniter->handleRequest(null, Object(Config\Cache), false)
 5 FCPATH/index.php(66): CodeIgniter\CodeIgniter->run()
CRITICAL - 2023-09-16 09:25:45 --> Trying to access array offset on value of type null
in APPPATH/Controllers/ProjectController.php on line 202.
 1 APPPATH/Controllers/ProjectController.php(202): CodeIgniter\Debug\Exceptions->errorHandler(2, 'Trying to access array offset on value of type null', 'APPPATH/Controllers/ProjectController.php', 202)
 2 SYSTEMPATH/CodeIgniter.php(934): App\Controllers\ProjectController->getAllData()
 3 SYSTEMPATH/CodeIgniter.php(499): CodeIgniter\CodeIgniter->runController(Object(App\Controllers\ProjectController))
 4 SYSTEMPATH/CodeIgniter.php(368): CodeIgniter\CodeIgniter->handleRequest(null, Object(Config\Cache), false)
 5 FCPATH/index.php(66): CodeIgniter\CodeIgniter->run()
CRITICAL - 2023-09-16 09:27:11 --> Trying to access array offset on value of type null
in APPPATH/Controllers/ProjectController.php on line 202.
 1 APPPATH/Controllers/ProjectController.php(202): CodeIgniter\Debug\Exceptions->errorHandler(2, 'Trying to access array offset on value of type null', 'APPPATH/Controllers/ProjectController.php', 202)
 2 SYSTEMPATH/CodeIgniter.php(934): App\Controllers\ProjectController->getAllData()
 3 SYSTEMPATH/CodeIgniter.php(499): CodeIgniter\CodeIgniter->runController(Object(App\Controllers\ProjectController))
 4 SYSTEMPATH/CodeIgniter.php(368): CodeIgniter\CodeIgniter->handleRequest(null, Object(Config\Cache), false)
 5 FCPATH/index.php(66): CodeIgniter\CodeIgniter->run()
CRITICAL - 2023-09-16 09:29:19 --> Trying to access array offset on value of type null
in APPPATH/Controllers/ProjectController.php on line 202.
 1 APPPATH/Controllers/ProjectController.php(202): CodeIgniter\Debug\Exceptions->errorHandler(2, 'Trying to access array offset on value of type null', 'APPPATH/Controllers/ProjectController.php', 202)
 2 SYSTEMPATH/CodeIgniter.php(934): App\Controllers\ProjectController->getAllData()
 3 SYSTEMPATH/CodeIgniter.php(499): CodeIgniter\CodeIgniter->runController(Object(App\Controllers\ProjectController))
 4 SYSTEMPATH/CodeIgniter.php(368): CodeIgniter\CodeIgniter->handleRequest(null, Object(Config\Cache), false)
 5 FCPATH/index.php(66): CodeIgniter\CodeIgniter->run()
CRITICAL - 2023-09-16 09:34:35 --> Trying to access array offset on value of type null
in APPPATH/Controllers/ProjectController.php on line 202.
 1 APPPATH/Controllers/ProjectController.php(202): CodeIgniter\Debug\Exceptions->errorHandler(2, 'Trying to access array offset on value of type null', 'APPPATH/Controllers/ProjectController.php', 202)
 2 SYSTEMPATH/CodeIgniter.php(934): App\Controllers\ProjectController->getAllData()
 3 SYSTEMPATH/CodeIgniter.php(499): CodeIgniter\CodeIgniter->runController(Object(App\Controllers\ProjectController))
 4 SYSTEMPATH/CodeIgniter.php(368): CodeIgniter\CodeIgniter->handleRequest(null, Object(Config\Cache), false)
 5 FCPATH/index.php(66): CodeIgniter\CodeIgniter->run()
CRITICAL - 2023-09-16 11:52:00 --> Trying to access array offset on value of type null
in APPPATH/Controllers/ProjectController.php on line 202.
 1 APPPATH/Controllers/ProjectController.php(202): CodeIgniter\Debug\Exceptions->errorHandler(2, 'Trying to access array offset on value of type null', 'APPPATH/Controllers/ProjectController.php', 202)
 2 SYSTEMPATH/CodeIgniter.php(934): App\Controllers\ProjectController->getAllData()
 3 SYSTEMPATH/CodeIgniter.php(499): CodeIgniter\CodeIgniter->runController(Object(App\Controllers\ProjectController))
 4 SYSTEMPATH/CodeIgniter.php(368): CodeIgniter\CodeIgniter->handleRequest(null, Object(Config\Cache), false)
 5 FCPATH/index.php(66): CodeIgniter\CodeIgniter->run()
CRITICAL - 2023-09-16 11:53:08 --> Trying to access array offset on value of type null
in APPPATH/Controllers/ProjectController.php on line 202.
 1 APPPATH/Controllers/ProjectController.php(202): CodeIgniter\Debug\Exceptions->errorHandler(2, 'Trying to access array offset on value of type null', 'APPPATH/Controllers/ProjectController.php', 202)
 2 SYSTEMPATH/CodeIgniter.php(934): App\Controllers\ProjectController->getAllData()
 3 SYSTEMPATH/CodeIgniter.php(499): CodeIgniter\CodeIgniter->runController(Object(App\Controllers\ProjectController))
 4 SYSTEMPATH/CodeIgniter.php(368): CodeIgniter\CodeIgniter->handleRequest(null, Object(Config\Cache), false)
 5 FCPATH/index.php(66): CodeIgniter\CodeIgniter->run()
CRITICAL - 2023-09-16 11:53:08 --> Trying to access array offset on value of type null
in APPPATH/Controllers/ProjectController.php on line 202.
 1 APPPATH/Controllers/ProjectController.php(202): CodeIgniter\Debug\Exceptions->errorHandler(2, 'Trying to access array offset on value of type null', 'APPPATH/Controllers/ProjectController.php', 202)
 2 SYSTEMPATH/CodeIgniter.php(934): App\Controllers\ProjectController->getAllData()
 3 SYSTEMPATH/CodeIgniter.php(499): CodeIgniter\CodeIgniter->runController(Object(App\Controllers\ProjectController))
 4 SYSTEMPATH/CodeIgniter.php(368): CodeIgniter\CodeIgniter->handleRequest(null, Object(Config\Cache), false)
 5 FCPATH/index.php(66): CodeIgniter\CodeIgniter->run()
ERROR - 2023-09-16 11:53:18 --> mysqli_sql_exception: Unknown column 'parentid' in 'where clause' in /home/itblaster/repositories/itblaster/codeigniter/vendor/codeigniter4/framework/system/Database/MySQLi/Connection.php:295
Stack trace:
#0 /home/itblaster/repositories/itblaster/codeigniter/vendor/codeigniter4/framework/system/Database/MySQLi/Connection.php(295): mysqli->query('SELECT *\nFROM `...', 0)
#1 /home/itblaster/repositories/itblaster/codeigniter/vendor/codeigniter4/framework/system/Database/BaseConnection.php(691): CodeIgniter\Database\MySQLi\Connection->execute('SELECT *\nFROM `...')
#2 /home/itblaster/repositories/itblaster/codeigniter/vendor/codeigniter4/framework/system/Database/BaseConnection.php(605): CodeIgniter\Database\BaseConnection->simpleQuery('SELECT *\nFROM `...')
#3 /home/itblaster/repositories/itblaster/codeigniter/vendor/codeigniter4/framework/system/Database/BaseBuilder.php(1616): CodeIgniter\Database\BaseConnection->query('SELECT *\nFROM `...', Array, false)
#4 /home/itblaster/repositories/itblaster/codeigniter/vendor/codeigniter4/framework/system/Model.php(241): CodeIgniter\Database\BaseBuilder->get()
#5 /home/itblaster/repositories/itblaster/codeigniter/vendor/codeigniter4/framework/system/BaseModel.php(618): CodeIgniter\Model->doFindAll(0, 0)
#6 /home/itblaster/repositories/itblaster/codeigniter/app/Controllers/TicketController.php(252): CodeIgniter\BaseModel->findAll()
#7 /home/itblaster/repositories/itblaster/codeigniter/vendor/codeigniter4/framework/system/CodeIgniter.php(934): App\Controllers\TicketController->getTicketSubTasks('484')
#8 /home/itblaster/repositories/itblaster/codeigniter/vendor/codeigniter4/framework/system/CodeIgniter.php(499): CodeIgniter\CodeIgniter->runController(Object(App\Controllers\TicketController))
#9 /home/itblaster/repositories/itblaster/codeigniter/vendor/codeigniter4/framework/system/CodeIgniter.php(368): CodeIgniter\CodeIgniter->handleRequest(NULL, Object(Config\Cache), false)
#10 /home/itblaster/public_html/index.php(66): CodeIgniter\CodeIgniter->run()
#11 {main}
CRITICAL - 2023-09-16 11:53:18 --> Unknown column 'parentid' in 'where clause'
in SYSTEMPATH/Database/BaseConnection.php on line 645.
 1 SYSTEMPATH/Database/BaseBuilder.php(1616): CodeIgniter\Database\BaseConnection->query('SELECT *
FROM `tbl_ticket`
WHERE `ticket_status_flag` = :ticket_status_flag:
AND `ticket_label` != :ticket_label:
AND `is_approved` = :is_approved:
AND `parentid` = :parentid:
AND `childid` = :childid:', [...], false)
 2 SYSTEMPATH/Model.php(241): CodeIgniter\Database\BaseBuilder->get()
 3 SYSTEMPATH/BaseModel.php(618): CodeIgniter\Model->doFindAll(0, 0)
 4 APPPATH/Controllers/TicketController.php(252): CodeIgniter\BaseModel->findAll()
 5 SYSTEMPATH/CodeIgniter.php(934): App\Controllers\TicketController->getTicketSubTasks('484')
 6 SYSTEMPATH/CodeIgniter.php(499): CodeIgniter\CodeIgniter->runController(Object(App\Controllers\TicketController))
 7 SYSTEMPATH/CodeIgniter.php(368): CodeIgniter\CodeIgniter->handleRequest(null, Object(Config\Cache), false)
 8 FCPATH/index.php(66): CodeIgniter\CodeIgniter->run()
CRITICAL - 2023-09-16 11:55:11 --> Trying to access array offset on value of type null
in APPPATH/Controllers/ProjectController.php on line 202.
 1 APPPATH/Controllers/ProjectController.php(202): CodeIgniter\Debug\Exceptions->errorHandler(2, 'Trying to access array offset on value of type null', 'APPPATH/Controllers/ProjectController.php', 202)
 2 SYSTEMPATH/CodeIgniter.php(934): App\Controllers\ProjectController->getAllData()
 3 SYSTEMPATH/CodeIgniter.php(499): CodeIgniter\CodeIgniter->runController(Object(App\Controllers\ProjectController))
 4 SYSTEMPATH/CodeIgniter.php(368): CodeIgniter\CodeIgniter->handleRequest(null, Object(Config\Cache), false)
 5 FCPATH/index.php(66): CodeIgniter\CodeIgniter->run()
CRITICAL - 2023-09-16 11:55:11 --> Trying to access array offset on value of type null
in APPPATH/Controllers/ProjectController.php on line 202.
 1 APPPATH/Controllers/ProjectController.php(202): CodeIgniter\Debug\Exceptions->errorHandler(2, 'Trying to access array offset on value of type null', 'APPPATH/Controllers/ProjectController.php', 202)
 2 SYSTEMPATH/CodeIgniter.php(934): App\Controllers\ProjectController->getAllData()
 3 SYSTEMPATH/CodeIgniter.php(499): CodeIgniter\CodeIgniter->runController(Object(App\Controllers\ProjectController))
 4 SYSTEMPATH/CodeIgniter.php(368): CodeIgniter\CodeIgniter->handleRequest(null, Object(Config\Cache), false)
 5 FCPATH/index.php(66): CodeIgniter\CodeIgniter->run()
ERROR - 2023-09-16 11:55:15 --> mysqli_sql_exception: Unknown column 'parentid' in 'where clause' in /home/itblaster/repositories/itblaster/codeigniter/vendor/codeigniter4/framework/system/Database/MySQLi/Connection.php:295
Stack trace:
#0 /home/itblaster/repositories/itblaster/codeigniter/vendor/codeigniter4/framework/system/Database/MySQLi/Connection.php(295): mysqli->query('SELECT *\nFROM `...', 0)
#1 /home/itblaster/repositories/itblaster/codeigniter/vendor/codeigniter4/framework/system/Database/BaseConnection.php(691): CodeIgniter\Database\MySQLi\Connection->execute('SELECT *\nFROM `...')
#2 /home/itblaster/repositories/itblaster/codeigniter/vendor/codeigniter4/framework/system/Database/BaseConnection.php(605): CodeIgniter\Database\BaseConnection->simpleQuery('SELECT *\nFROM `...')
#3 /home/itblaster/repositories/itblaster/codeigniter/vendor/codeigniter4/framework/system/Database/BaseBuilder.php(1616): CodeIgniter\Database\BaseConnection->query('SELECT *\nFROM `...', Array, false)
#4 /home/itblaster/repositories/itblaster/codeigniter/vendor/codeigniter4/framework/system/Model.php(241): CodeIgniter\Database\BaseBuilder->get()
#5 /home/itblaster/repositories/itblaster/codeigniter/vendor/codeigniter4/framework/system/BaseModel.php(618): CodeIgniter\Model->doFindAll(0, 0)
#6 /home/itblaster/repositories/itblaster/codeigniter/app/Controllers/TicketController.php(252): CodeIgniter\BaseModel->findAll()
#7 /home/itblaster/repositories/itblaster/codeigniter/vendor/codeigniter4/framework/system/CodeIgniter.php(934): App\Controllers\TicketController->getTicketSubTasks('484')
#8 /home/itblaster/repositories/itblaster/codeigniter/vendor/codeigniter4/framework/system/CodeIgniter.php(499): CodeIgniter\CodeIgniter->runController(Object(App\Controllers\TicketController))
#9 /home/itblaster/repositories/itblaster/codeigniter/vendor/codeigniter4/framework/system/CodeIgniter.php(368): CodeIgniter\CodeIgniter->handleRequest(NULL, Object(Config\Cache), false)
#10 /home/itblaster/public_html/index.php(66): CodeIgniter\CodeIgniter->run()
#11 {main}
CRITICAL - 2023-09-16 11:55:15 --> Unknown column 'parentid' in 'where clause'
in SYSTEMPATH/Database/BaseConnection.php on line 645.
 1 SYSTEMPATH/Database/BaseBuilder.php(1616): CodeIgniter\Database\BaseConnection->query('SELECT *
FROM `tbl_ticket`
WHERE `ticket_status_flag` = :ticket_status_flag:
AND `ticket_label` != :ticket_label:
AND `is_approved` = :is_approved:
AND `parentid` = :parentid:
AND `childid` = :childid:', [...], false)
 2 SYSTEMPATH/Model.php(241): CodeIgniter\Database\BaseBuilder->get()
 3 SYSTEMPATH/BaseModel.php(618): CodeIgniter\Model->doFindAll(0, 0)
 4 APPPATH/Controllers/TicketController.php(252): CodeIgniter\BaseModel->findAll()
 5 SYSTEMPATH/CodeIgniter.php(934): App\Controllers\TicketController->getTicketSubTasks('484')
 6 SYSTEMPATH/CodeIgniter.php(499): CodeIgniter\CodeIgniter->runController(Object(App\Controllers\TicketController))
 7 SYSTEMPATH/CodeIgniter.php(368): CodeIgniter\CodeIgniter->handleRequest(null, Object(Config\Cache), false)
 8 FCPATH/index.php(66): CodeIgniter\CodeIgniter->run()
CRITICAL - 2023-09-16 11:56:01 --> Trying to access array offset on value of type null
in APPPATH/Controllers/ProjectController.php on line 202.
 1 APPPATH/Controllers/ProjectController.php(202): CodeIgniter\Debug\Exceptions->errorHandler(2, 'Trying to access array offset on value of type null', 'APPPATH/Controllers/ProjectController.php', 202)
 2 SYSTEMPATH/CodeIgniter.php(934): App\Controllers\ProjectController->getAllData()
 3 SYSTEMPATH/CodeIgniter.php(499): CodeIgniter\CodeIgniter->runController(Object(App\Controllers\ProjectController))
 4 SYSTEMPATH/CodeIgniter.php(368): CodeIgniter\CodeIgniter->handleRequest(null, Object(Config\Cache), false)
 5 FCPATH/index.php(66): CodeIgniter\CodeIgniter->run()
CRITICAL - 2023-09-16 11:56:02 --> Trying to access array offset on value of type null
in APPPATH/Controllers/ProjectController.php on line 202.
 1 APPPATH/Controllers/ProjectController.php(202): CodeIgniter\Debug\Exceptions->errorHandler(2, 'Trying to access array offset on value of type null', 'APPPATH/Controllers/ProjectController.php', 202)
 2 SYSTEMPATH/CodeIgniter.php(934): App\Controllers\ProjectController->getAllData()
 3 SYSTEMPATH/CodeIgniter.php(499): CodeIgniter\CodeIgniter->runController(Object(App\Controllers\ProjectController))
 4 SYSTEMPATH/CodeIgniter.php(368): CodeIgniter\CodeIgniter->handleRequest(null, Object(Config\Cache), false)
 5 FCPATH/index.php(66): CodeIgniter\CodeIgniter->run()
ERROR - 2023-09-16 11:56:04 --> mysqli_sql_exception: Unknown column 'parentid' in 'where clause' in /home/itblaster/repositories/itblaster/codeigniter/vendor/codeigniter4/framework/system/Database/MySQLi/Connection.php:295
Stack trace:
#0 /home/itblaster/repositories/itblaster/codeigniter/vendor/codeigniter4/framework/system/Database/MySQLi/Connection.php(295): mysqli->query('SELECT *\nFROM `...', 0)
#1 /home/itblaster/repositories/itblaster/codeigniter/vendor/codeigniter4/framework/system/Database/BaseConnection.php(691): CodeIgniter\Database\MySQLi\Connection->execute('SELECT *\nFROM `...')
#2 /home/itblaster/repositories/itblaster/codeigniter/vendor/codeigniter4/framework/system/Database/BaseConnection.php(605): CodeIgniter\Database\BaseConnection->simpleQuery('SELECT *\nFROM `...')
#3 /home/itblaster/repositories/itblaster/codeigniter/vendor/codeigniter4/framework/system/Database/BaseBuilder.php(1616): CodeIgniter\Database\BaseConnection->query('SELECT *\nFROM `...', Array, false)
#4 /home/itblaster/repositories/itblaster/codeigniter/vendor/codeigniter4/framework/system/Model.php(241): CodeIgniter\Database\BaseBuilder->get()
#5 /home/itblaster/repositories/itblaster/codeigniter/vendor/codeigniter4/framework/system/BaseModel.php(618): CodeIgniter\Model->doFindAll(0, 0)
#6 /home/itblaster/repositories/itblaster/codeigniter/app/Controllers/TicketController.php(252): CodeIgniter\BaseModel->findAll()
#7 /home/itblaster/repositories/itblaster/codeigniter/vendor/codeigniter4/framework/system/CodeIgniter.php(934): App\Controllers\TicketController->getTicketSubTasks('484')
#8 /home/itblaster/repositories/itblaster/codeigniter/vendor/codeigniter4/framework/system/CodeIgniter.php(499): CodeIgniter\CodeIgniter->runController(Object(App\Controllers\TicketController))
#9 /home/itblaster/repositories/itblaster/codeigniter/vendor/codeigniter4/framework/system/CodeIgniter.php(368): CodeIgniter\CodeIgniter->handleRequest(NULL, Object(Config\Cache), false)
#10 /home/itblaster/public_html/index.php(66): CodeIgniter\CodeIgniter->run()
#11 {main}
CRITICAL - 2023-09-16 11:56:04 --> Unknown column 'parentid' in 'where clause'
in SYSTEMPATH/Database/BaseConnection.php on line 645.
 1 SYSTEMPATH/Database/BaseBuilder.php(1616): CodeIgniter\Database\BaseConnection->query('SELECT *
FROM `tbl_ticket`
WHERE `ticket_status_flag` = :ticket_status_flag:
AND `ticket_label` != :ticket_label:
AND `is_approved` = :is_approved:
AND `parentid` = :parentid:
AND `childid` = :childid:', [...], false)
 2 SYSTEMPATH/Model.php(241): CodeIgniter\Database\BaseBuilder->get()
 3 SYSTEMPATH/BaseModel.php(618): CodeIgniter\Model->doFindAll(0, 0)
 4 APPPATH/Controllers/TicketController.php(252): CodeIgniter\BaseModel->findAll()
 5 SYSTEMPATH/CodeIgniter.php(934): App\Controllers\TicketController->getTicketSubTasks('484')
 6 SYSTEMPATH/CodeIgniter.php(499): CodeIgniter\CodeIgniter->runController(Object(App\Controllers\TicketController))
 7 SYSTEMPATH/CodeIgniter.php(368): CodeIgniter\CodeIgniter->handleRequest(null, Object(Config\Cache), false)
 8 FCPATH/index.php(66): CodeIgniter\CodeIgniter->run()
CRITICAL - 2023-09-16 11:56:37 --> Trying to access array offset on value of type null
in APPPATH/Controllers/ProjectController.php on line 202.
 1 APPPATH/Controllers/ProjectController.php(202): CodeIgniter\Debug\Exceptions->errorHandler(2, 'Trying to access array offset on value of type null', 'APPPATH/Controllers/ProjectController.php', 202)
 2 SYSTEMPATH/CodeIgniter.php(934): App\Controllers\ProjectController->getAllData()
 3 SYSTEMPATH/CodeIgniter.php(499): CodeIgniter\CodeIgniter->runController(Object(App\Controllers\ProjectController))
 4 SYSTEMPATH/CodeIgniter.php(368): CodeIgniter\CodeIgniter->handleRequest(null, Object(Config\Cache), false)
 5 FCPATH/index.php(66): CodeIgniter\CodeIgniter->run()
CRITICAL - 2023-09-16 11:56:37 --> Trying to access array offset on value of type null
in APPPATH/Controllers/ProjectController.php on line 202.
 1 APPPATH/Controllers/ProjectController.php(202): CodeIgniter\Debug\Exceptions->errorHandler(2, 'Trying to access array offset on value of type null', 'APPPATH/Controllers/ProjectController.php', 202)
 2 SYSTEMPATH/CodeIgniter.php(934): App\Controllers\ProjectController->getAllData()
 3 SYSTEMPATH/CodeIgniter.php(499): CodeIgniter\CodeIgniter->runController(Object(App\Controllers\ProjectController))
 4 SYSTEMPATH/CodeIgniter.php(368): CodeIgniter\CodeIgniter->handleRequest(null, Object(Config\Cache), false)
 5 FCPATH/index.php(66): CodeIgniter\CodeIgniter->run()
ERROR - 2023-09-16 11:56:39 --> mysqli_sql_exception: Unknown column 'parentid' in 'where clause' in /home/itblaster/repositories/itblaster/codeigniter/vendor/codeigniter4/framework/system/Database/MySQLi/Connection.php:295
Stack trace:
#0 /home/itblaster/repositories/itblaster/codeigniter/vendor/codeigniter4/framework/system/Database/MySQLi/Connection.php(295): mysqli->query('SELECT *\nFROM `...', 0)
#1 /home/itblaster/repositories/itblaster/codeigniter/vendor/codeigniter4/framework/system/Database/BaseConnection.php(691): CodeIgniter\Database\MySQLi\Connection->execute('SELECT *\nFROM `...')
#2 /home/itblaster/repositories/itblaster/codeigniter/vendor/codeigniter4/framework/system/Database/BaseConnection.php(605): CodeIgniter\Database\BaseConnection->simpleQuery('SELECT *\nFROM `...')
#3 /home/itblaster/repositories/itblaster/codeigniter/vendor/codeigniter4/framework/system/Database/BaseBuilder.php(1616): CodeIgniter\Database\BaseConnection->query('SELECT *\nFROM `...', Array, false)
#4 /home/itblaster/repositories/itblaster/codeigniter/vendor/codeigniter4/framework/system/Model.php(241): CodeIgniter\Database\BaseBuilder->get()
#5 /home/itblaster/repositories/itblaster/codeigniter/vendor/codeigniter4/framework/system/BaseModel.php(618): CodeIgniter\Model->doFindAll(0, 0)
#6 /home/itblaster/repositories/itblaster/codeigniter/app/Controllers/TicketController.php(252): CodeIgniter\BaseModel->findAll()
#7 /home/itblaster/repositories/itblaster/codeigniter/vendor/codeigniter4/framework/system/CodeIgniter.php(934): App\Controllers\TicketController->getTicketSubTasks('484')
#8 /home/itblaster/repositories/itblaster/codeigniter/vendor/codeigniter4/framework/system/CodeIgniter.php(499): CodeIgniter\CodeIgniter->runController(Object(App\Controllers\TicketController))
#9 /home/itblaster/repositories/itblaster/codeigniter/vendor/codeigniter4/framework/system/CodeIgniter.php(368): CodeIgniter\CodeIgniter->handleRequest(NULL, Object(Config\Cache), false)
#10 /home/itblaster/public_html/index.php(66): CodeIgniter\CodeIgniter->run()
#11 {main}
CRITICAL - 2023-09-16 11:56:39 --> Unknown column 'parentid' in 'where clause'
in SYSTEMPATH/Database/BaseConnection.php on line 645.
 1 SYSTEMPATH/Database/BaseBuilder.php(1616): CodeIgniter\Database\BaseConnection->query('SELECT *
FROM `tbl_ticket`
WHERE `ticket_status_flag` = :ticket_status_flag:
AND `ticket_label` != :ticket_label:
AND `is_approved` = :is_approved:
AND `parentid` = :parentid:
AND `childid` = :childid:', [...], false)
 2 SYSTEMPATH/Model.php(241): CodeIgniter\Database\BaseBuilder->get()
 3 SYSTEMPATH/BaseModel.php(618): CodeIgniter\Model->doFindAll(0, 0)
 4 APPPATH/Controllers/TicketController.php(252): CodeIgniter\BaseModel->findAll()
 5 SYSTEMPATH/CodeIgniter.php(934): App\Controllers\TicketController->getTicketSubTasks('484')
 6 SYSTEMPATH/CodeIgniter.php(499): CodeIgniter\CodeIgniter->runController(Object(App\Controllers\TicketController))
 7 SYSTEMPATH/CodeIgniter.php(368): CodeIgniter\CodeIgniter->handleRequest(null, Object(Config\Cache), false)
 8 FCPATH/index.php(66): CodeIgniter\CodeIgniter->run()
CRITICAL - 2023-09-16 11:57:19 --> Trying to access array offset on value of type null
in APPPATH/Controllers/ProjectController.php on line 202.
 1 APPPATH/Controllers/ProjectController.php(202): CodeIgniter\Debug\Exceptions->errorHandler(2, 'Trying to access array offset on value of type null', 'APPPATH/Controllers/ProjectController.php', 202)
 2 SYSTEMPATH/CodeIgniter.php(934): App\Controllers\ProjectController->getAllData()
 3 SYSTEMPATH/CodeIgniter.php(499): CodeIgniter\CodeIgniter->runController(Object(App\Controllers\ProjectController))
 4 SYSTEMPATH/CodeIgniter.php(368): CodeIgniter\CodeIgniter->handleRequest(null, Object(Config\Cache), false)
 5 FCPATH/index.php(66): CodeIgniter\CodeIgniter->run()
CRITICAL - 2023-09-16 11:57:20 --> Trying to access array offset on value of type null
in APPPATH/Controllers/ProjectController.php on line 202.
 1 APPPATH/Controllers/ProjectController.php(202): CodeIgniter\Debug\Exceptions->errorHandler(2, 'Trying to access array offset on value of type null', 'APPPATH/Controllers/ProjectController.php', 202)
 2 SYSTEMPATH/CodeIgniter.php(934): App\Controllers\ProjectController->getAllData()
 3 SYSTEMPATH/CodeIgniter.php(499): CodeIgniter\CodeIgniter->runController(Object(App\Controllers\ProjectController))
 4 SYSTEMPATH/CodeIgniter.php(368): CodeIgniter\CodeIgniter->handleRequest(null, Object(Config\Cache), false)
 5 FCPATH/index.php(66): CodeIgniter\CodeIgniter->run()
ERROR - 2023-09-16 11:57:22 --> mysqli_sql_exception: Unknown column 'parentid' in 'where clause' in /home/itblaster/repositories/itblaster/codeigniter/vendor/codeigniter4/framework/system/Database/MySQLi/Connection.php:295
Stack trace:
#0 /home/itblaster/repositories/itblaster/codeigniter/vendor/codeigniter4/framework/system/Database/MySQLi/Connection.php(295): mysqli->query('SELECT *\nFROM `...', 0)
#1 /home/itblaster/repositories/itblaster/codeigniter/vendor/codeigniter4/framework/system/Database/BaseConnection.php(691): CodeIgniter\Database\MySQLi\Connection->execute('SELECT *\nFROM `...')
#2 /home/itblaster/repositories/itblaster/codeigniter/vendor/codeigniter4/framework/system/Database/BaseConnection.php(605): CodeIgniter\Database\BaseConnection->simpleQuery('SELECT *\nFROM `...')
#3 /home/itblaster/repositories/itblaster/codeigniter/vendor/codeigniter4/framework/system/Database/BaseBuilder.php(1616): CodeIgniter\Database\BaseConnection->query('SELECT *\nFROM `...', Array, false)
#4 /home/itblaster/repositories/itblaster/codeigniter/vendor/codeigniter4/framework/system/Model.php(241): CodeIgniter\Database\BaseBuilder->get()
#5 /home/itblaster/repositories/itblaster/codeigniter/vendor/codeigniter4/framework/system/BaseModel.php(618): CodeIgniter\Model->doFindAll(0, 0)
#6 /home/itblaster/repositories/itblaster/codeigniter/app/Controllers/TicketController.php(252): CodeIgniter\BaseModel->findAll()
#7 /home/itblaster/repositories/itblaster/codeigniter/vendor/codeigniter4/framework/system/CodeIgniter.php(934): App\Controllers\TicketController->getTicketSubTasks('484')
#8 /home/itblaster/repositories/itblaster/codeigniter/vendor/codeigniter4/framework/system/CodeIgniter.php(499): CodeIgniter\CodeIgniter->runController(Object(App\Controllers\TicketController))
#9 /home/itblaster/repositories/itblaster/codeigniter/vendor/codeigniter4/framework/system/CodeIgniter.php(368): CodeIgniter\CodeIgniter->handleRequest(NULL, Object(Config\Cache), false)
#10 /home/itblaster/public_html/index.php(66): CodeIgniter\CodeIgniter->run()
#11 {main}
CRITICAL - 2023-09-16 11:57:22 --> Unknown column 'parentid' in 'where clause'
in SYSTEMPATH/Database/BaseConnection.php on line 645.
 1 SYSTEMPATH/Database/BaseBuilder.php(1616): CodeIgniter\Database\BaseConnection->query('SELECT *
FROM `tbl_ticket`
WHERE `ticket_status_flag` = :ticket_status_flag:
AND `ticket_label` != :ticket_label:
AND `is_approved` = :is_approved:
AND `parentid` = :parentid:
AND `childid` = :childid:', [...], false)
 2 SYSTEMPATH/Model.php(241): CodeIgniter\Database\BaseBuilder->get()
 3 SYSTEMPATH/BaseModel.php(618): CodeIgniter\Model->doFindAll(0, 0)
 4 APPPATH/Controllers/TicketController.php(252): CodeIgniter\BaseModel->findAll()
 5 SYSTEMPATH/CodeIgniter.php(934): App\Controllers\TicketController->getTicketSubTasks('484')
 6 SYSTEMPATH/CodeIgniter.php(499): CodeIgniter\CodeIgniter->runController(Object(App\Controllers\TicketController))
 7 SYSTEMPATH/CodeIgniter.php(368): CodeIgniter\CodeIgniter->handleRequest(null, Object(Config\Cache), false)
 8 FCPATH/index.php(66): CodeIgniter\CodeIgniter->run()
ERROR - 2023-09-16 11:57:28 --> mysqli_sql_exception: Unknown column 'parentid' in 'where clause' in /home/itblaster/repositories/itblaster/codeigniter/vendor/codeigniter4/framework/system/Database/MySQLi/Connection.php:295
Stack trace:
#0 /home/itblaster/repositories/itblaster/codeigniter/vendor/codeigniter4/framework/system/Database/MySQLi/Connection.php(295): mysqli->query('SELECT *\nFROM `...', 0)
#1 /home/itblaster/repositories/itblaster/codeigniter/vendor/codeigniter4/framework/system/Database/BaseConnection.php(691): CodeIgniter\Database\MySQLi\Connection->execute('SELECT *\nFROM `...')
#2 /home/itblaster/repositories/itblaster/codeigniter/vendor/codeigniter4/framework/system/Database/BaseConnection.php(605): CodeIgniter\Database\BaseConnection->simpleQuery('SELECT *\nFROM `...')
#3 /home/itblaster/repositories/itblaster/codeigniter/vendor/codeigniter4/framework/system/Database/BaseBuilder.php(1616): CodeIgniter\Database\BaseConnection->query('SELECT *\nFROM `...', Array, false)
#4 /home/itblaster/repositories/itblaster/codeigniter/vendor/codeigniter4/framework/system/Model.php(241): CodeIgniter\Database\BaseBuilder->get()
#5 /home/itblaster/repositories/itblaster/codeigniter/vendor/codeigniter4/framework/system/BaseModel.php(618): CodeIgniter\Model->doFindAll(0, 0)
#6 /home/itblaster/repositories/itblaster/codeigniter/app/Controllers/TicketController.php(252): CodeIgniter\BaseModel->findAll()
#7 /home/itblaster/repositories/itblaster/codeigniter/vendor/codeigniter4/framework/system/CodeIgniter.php(934): App\Controllers\TicketController->getTicketSubTasks('484')
#8 /home/itblaster/repositories/itblaster/codeigniter/vendor/codeigniter4/framework/system/CodeIgniter.php(499): CodeIgniter\CodeIgniter->runController(Object(App\Controllers\TicketController))
#9 /home/itblaster/repositories/itblaster/codeigniter/vendor/codeigniter4/framework/system/CodeIgniter.php(368): CodeIgniter\CodeIgniter->handleRequest(NULL, Object(Config\Cache), false)
#10 /home/itblaster/public_html/index.php(66): CodeIgniter\CodeIgniter->run()
#11 {main}
CRITICAL - 2023-09-16 11:57:28 --> Unknown column 'parentid' in 'where clause'
in SYSTEMPATH/Database/BaseConnection.php on line 645.
 1 SYSTEMPATH/Database/BaseBuilder.php(1616): CodeIgniter\Database\BaseConnection->query('SELECT *
FROM `tbl_ticket`
WHERE `ticket_status_flag` = :ticket_status_flag:
AND `ticket_label` != :ticket_label:
AND `is_approved` = :is_approved:
AND `parentid` = :parentid:
AND `childid` = :childid:', [...], false)
 2 SYSTEMPATH/Model.php(241): CodeIgniter\Database\BaseBuilder->get()
 3 SYSTEMPATH/BaseModel.php(618): CodeIgniter\Model->doFindAll(0, 0)
 4 APPPATH/Controllers/TicketController.php(252): CodeIgniter\BaseModel->findAll()
 5 SYSTEMPATH/CodeIgniter.php(934): App\Controllers\TicketController->getTicketSubTasks('484')
 6 SYSTEMPATH/CodeIgniter.php(499): CodeIgniter\CodeIgniter->runController(Object(App\Controllers\TicketController))
 7 SYSTEMPATH/CodeIgniter.php(368): CodeIgniter\CodeIgniter->handleRequest(null, Object(Config\Cache), false)
 8 FCPATH/index.php(66): CodeIgniter\CodeIgniter->run()
ERROR - 2023-09-16 11:57:35 --> mysqli_sql_exception: Unknown column 'parentid' in 'where clause' in /home/itblaster/repositories/itblaster/codeigniter/vendor/codeigniter4/framework/system/Database/MySQLi/Connection.php:295
Stack trace:
#0 /home/itblaster/repositories/itblaster/codeigniter/vendor/codeigniter4/framework/system/Database/MySQLi/Connection.php(295): mysqli->query('SELECT *\nFROM `...', 0)
#1 /home/itblaster/repositories/itblaster/codeigniter/vendor/codeigniter4/framework/system/Database/BaseConnection.php(691): CodeIgniter\Database\MySQLi\Connection->execute('SELECT *\nFROM `...')
#2 /home/itblaster/repositories/itblaster/codeigniter/vendor/codeigniter4/framework/system/Database/BaseConnection.php(605): CodeIgniter\Database\BaseConnection->simpleQuery('SELECT *\nFROM `...')
#3 /home/itblaster/repositories/itblaster/codeigniter/vendor/codeigniter4/framework/system/Database/BaseBuilder.php(1616): CodeIgniter\Database\BaseConnection->query('SELECT *\nFROM `...', Array, false)
#4 /home/itblaster/repositories/itblaster/codeigniter/vendor/codeigniter4/framework/system/Model.php(241): CodeIgniter\Database\BaseBuilder->get()
#5 /home/itblaster/repositories/itblaster/codeigniter/vendor/codeigniter4/framework/system/BaseModel.php(618): CodeIgniter\Model->doFindAll(0, 0)
#6 /home/itblaster/repositories/itblaster/codeigniter/app/Controllers/TicketController.php(252): CodeIgniter\BaseModel->findAll()
#7 /home/itblaster/repositories/itblaster/codeigniter/vendor/codeigniter4/framework/system/CodeIgniter.php(934): App\Controllers\TicketController->getTicketSubTasks('484')
#8 /home/itblaster/repositories/itblaster/codeigniter/vendor/codeigniter4/framework/system/CodeIgniter.php(499): CodeIgniter\CodeIgniter->runController(Object(App\Controllers\TicketController))
#9 /home/itblaster/repositories/itblaster/codeigniter/vendor/codeigniter4/framework/system/CodeIgniter.php(368): CodeIgniter\CodeIgniter->handleRequest(NULL, Object(Config\Cache), false)
#10 /home/itblaster/public_html/index.php(66): CodeIgniter\CodeIgniter->run()
#11 {main}
CRITICAL - 2023-09-16 11:57:35 --> Unknown column 'parentid' in 'where clause'
in SYSTEMPATH/Database/BaseConnection.php on line 645.
 1 SYSTEMPATH/Database/BaseBuilder.php(1616): CodeIgniter\Database\BaseConnection->query('SELECT *
FROM `tbl_ticket`
WHERE `ticket_status_flag` = :ticket_status_flag:
AND `ticket_label` != :ticket_label:
AND `is_approved` = :is_approved:
AND `parentid` = :parentid:
AND `childid` = :childid:', [...], false)
 2 SYSTEMPATH/Model.php(241): CodeIgniter\Database\BaseBuilder->get()
 3 SYSTEMPATH/BaseModel.php(618): CodeIgniter\Model->doFindAll(0, 0)
 4 APPPATH/Controllers/TicketController.php(252): CodeIgniter\BaseModel->findAll()
 5 SYSTEMPATH/CodeIgniter.php(934): App\Controllers\TicketController->getTicketSubTasks('484')
 6 SYSTEMPATH/CodeIgniter.php(499): CodeIgniter\CodeIgniter->runController(Object(App\Controllers\TicketController))
 7 SYSTEMPATH/CodeIgniter.php(368): CodeIgniter\CodeIgniter->handleRequest(null, Object(Config\Cache), false)
 8 FCPATH/index.php(66): CodeIgniter\CodeIgniter->run()
ERROR - 2023-09-16 11:57:46 --> mysqli_sql_exception: Unknown column 'parentid' in 'where clause' in /home/itblaster/repositories/itblaster/codeigniter/vendor/codeigniter4/framework/system/Database/MySQLi/Connection.php:295
Stack trace:
#0 /home/itblaster/repositories/itblaster/codeigniter/vendor/codeigniter4/framework/system/Database/MySQLi/Connection.php(295): mysqli->query('SELECT *\nFROM `...', 0)
#1 /home/itblaster/repositories/itblaster/codeigniter/vendor/codeigniter4/framework/system/Database/BaseConnection.php(691): CodeIgniter\Database\MySQLi\Connection->execute('SELECT *\nFROM `...')
#2 /home/itblaster/repositories/itblaster/codeigniter/vendor/codeigniter4/framework/system/Database/BaseConnection.php(605): CodeIgniter\Database\BaseConnection->simpleQuery('SELECT *\nFROM `...')
#3 /home/itblaster/repositories/itblaster/codeigniter/vendor/codeigniter4/framework/system/Database/BaseBuilder.php(1616): CodeIgniter\Database\BaseConnection->query('SELECT *\nFROM `...', Array, false)
#4 /home/itblaster/repositories/itblaster/codeigniter/vendor/codeigniter4/framework/system/Model.php(241): CodeIgniter\Database\BaseBuilder->get()
#5 /home/itblaster/repositories/itblaster/codeigniter/vendor/codeigniter4/framework/system/BaseModel.php(618): CodeIgniter\Model->doFindAll(0, 0)
#6 /home/itblaster/repositories/itblaster/codeigniter/app/Controllers/TicketController.php(252): CodeIgniter\BaseModel->findAll()
#7 /home/itblaster/repositories/itblaster/codeigniter/vendor/codeigniter4/framework/system/CodeIgniter.php(934): App\Controllers\TicketController->getTicketSubTasks('312')
#8 /home/itblaster/repositories/itblaster/codeigniter/vendor/codeigniter4/framework/system/CodeIgniter.php(499): CodeIgniter\CodeIgniter->runController(Object(App\Controllers\TicketController))
#9 /home/itblaster/repositories/itblaster/codeigniter/vendor/codeigniter4/framework/system/CodeIgniter.php(368): CodeIgniter\CodeIgniter->handleRequest(NULL, Object(Config\Cache), false)
#10 /home/itblaster/public_html/index.php(66): CodeIgniter\CodeIgniter->run()
#11 {main}
CRITICAL - 2023-09-16 11:57:46 --> Unknown column 'parentid' in 'where clause'
in SYSTEMPATH/Database/BaseConnection.php on line 645.
 1 SYSTEMPATH/Database/BaseBuilder.php(1616): CodeIgniter\Database\BaseConnection->query('SELECT *
FROM `tbl_ticket`
WHERE `ticket_status_flag` = :ticket_status_flag:
AND `ticket_label` != :ticket_label:
AND `is_approved` = :is_approved:
AND `parentid` = :parentid:
AND `childid` = :childid:', [...], false)
 2 SYSTEMPATH/Model.php(241): CodeIgniter\Database\BaseBuilder->get()
 3 SYSTEMPATH/BaseModel.php(618): CodeIgniter\Model->doFindAll(0, 0)
 4 APPPATH/Controllers/TicketController.php(252): CodeIgniter\BaseModel->findAll()
 5 SYSTEMPATH/CodeIgniter.php(934): App\Controllers\TicketController->getTicketSubTasks('312')
 6 SYSTEMPATH/CodeIgniter.php(499): CodeIgniter\CodeIgniter->runController(Object(App\Controllers\TicketController))
 7 SYSTEMPATH/CodeIgniter.php(368): CodeIgniter\CodeIgniter->handleRequest(null, Object(Config\Cache), false)
 8 FCPATH/index.php(66): CodeIgniter\CodeIgniter->run()
CRITICAL - 2023-09-16 11:58:17 --> Trying to access array offset on value of type null
in APPPATH/Controllers/ProjectController.php on line 202.
 1 APPPATH/Controllers/ProjectController.php(202): CodeIgniter\Debug\Exceptions->errorHandler(2, 'Trying to access array offset on value of type null', 'APPPATH/Controllers/ProjectController.php', 202)
 2 SYSTEMPATH/CodeIgniter.php(934): App\Controllers\ProjectController->getAllData()
 3 SYSTEMPATH/CodeIgniter.php(499): CodeIgniter\CodeIgniter->runController(Object(App\Controllers\ProjectController))
 4 SYSTEMPATH/CodeIgniter.php(368): CodeIgniter\CodeIgniter->handleRequest(null, Object(Config\Cache), false)
 5 FCPATH/index.php(66): CodeIgniter\CodeIgniter->run()
CRITICAL - 2023-09-16 11:58:17 --> Trying to access array offset on value of type null
in APPPATH/Controllers/ProjectController.php on line 202.
 1 APPPATH/Controllers/ProjectController.php(202): CodeIgniter\Debug\Exceptions->errorHandler(2, 'Trying to access array offset on value of type null', 'APPPATH/Controllers/ProjectController.php', 202)
 2 SYSTEMPATH/CodeIgniter.php(934): App\Controllers\ProjectController->getAllData()
 3 SYSTEMPATH/CodeIgniter.php(499): CodeIgniter\CodeIgniter->runController(Object(App\Controllers\ProjectController))
 4 SYSTEMPATH/CodeIgniter.php(368): CodeIgniter\CodeIgniter->handleRequest(null, Object(Config\Cache), false)
 5 FCPATH/index.php(66): CodeIgniter\CodeIgniter->run()
CRITICAL - 2023-09-16 11:59:53 --> Trying to access array offset on value of type null
in APPPATH/Controllers/ProjectController.php on line 202.
 1 APPPATH/Controllers/ProjectController.php(202): CodeIgniter\Debug\Exceptions->errorHandler(2, 'Trying to access array offset on value of type null', 'APPPATH/Controllers/ProjectController.php', 202)
 2 SYSTEMPATH/CodeIgniter.php(934): App\Controllers\ProjectController->getAllData()
 3 SYSTEMPATH/CodeIgniter.php(499): CodeIgniter\CodeIgniter->runController(Object(App\Controllers\ProjectController))
 4 SYSTEMPATH/CodeIgniter.php(368): CodeIgniter\CodeIgniter->handleRequest(null, Object(Config\Cache), false)
 5 FCPATH/index.php(66): CodeIgniter\CodeIgniter->run()
CRITICAL - 2023-09-16 11:59:54 --> Trying to access array offset on value of type null
in APPPATH/Controllers/ProjectController.php on line 202.
 1 APPPATH/Controllers/ProjectController.php(202): CodeIgniter\Debug\Exceptions->errorHandler(2, 'Trying to access array offset on value of type null', 'APPPATH/Controllers/ProjectController.php', 202)
 2 SYSTEMPATH/CodeIgniter.php(934): App\Controllers\ProjectController->getAllData()
 3 SYSTEMPATH/CodeIgniter.php(499): CodeIgniter\CodeIgniter->runController(Object(App\Controllers\ProjectController))
 4 SYSTEMPATH/CodeIgniter.php(368): CodeIgniter\CodeIgniter->handleRequest(null, Object(Config\Cache), false)
 5 FCPATH/index.php(66): CodeIgniter\CodeIgniter->run()
