CRITICAL - 2023-07-08 07:52:30 --> Trying to access array offset on value of type null
in APPPATH/Controllers/ProjectController.php on line 200.
 1 APPPATH/Controllers/ProjectController.php(200): CodeIgniter\Debug\Exceptions->errorHandler(2, 'Trying to access array offset on value of type null', 'APPPATH/Controllers/ProjectController.php', 200)
 2 SYSTEMPATH/CodeIgniter.php(934): App\Controllers\ProjectController->getAllData()
 3 SYSTEMPATH/CodeIgniter.php(499): CodeIgniter\CodeIgniter->runController(Object(App\Controllers\ProjectController))
 4 SYSTEMPATH/CodeIgniter.php(368): CodeIgniter\CodeIgniter->handleRequest(null, Object(Config\Cache), false)
 5 FCPATH/index.php(66): CodeIgniter\CodeIgniter->run()
CRITICAL - 2023-07-08 15:14:17 --> Trying to access array offset on value of type null
in APPPATH/Controllers/ProjectController.php on line 200.
 1 APPPATH/Controllers/ProjectController.php(200): CodeIgniter\Debug\Exceptions->errorHandler(2, 'Trying to access array offset on value of type null', 'APPPATH/Controllers/ProjectController.php', 200)
 2 SYSTEMPATH/CodeIgniter.php(934): App\Controllers\ProjectController->getAllData()
 3 SYSTEMPATH/CodeIgniter.php(499): CodeIgniter\CodeIgniter->runController(Object(App\Controllers\ProjectController))
 4 SYSTEMPATH/CodeIgniter.php(368): CodeIgniter\CodeIgniter->handleRequest(null, Object(Config\Cache), false)
 5 FCPATH/index.php(66): CodeIgniter\CodeIgniter->run()
CRITICAL - 2023-07-08 15:14:56 --> Trying to access array offset on value of type null
in APPPATH/Controllers/ProjectController.php on line 200.
 1 APPPATH/Controllers/ProjectController.php(200): CodeIgniter\Debug\Exceptions->errorHandler(2, 'Trying to access array offset on value of type null', 'APPPATH/Controllers/ProjectController.php', 200)
 2 SYSTEMPATH/CodeIgniter.php(934): App\Controllers\ProjectController->getAllData()
 3 SYSTEMPATH/CodeIgniter.php(499): CodeIgniter\CodeIgniter->runController(Object(App\Controllers\ProjectController))
 4 SYSTEMPATH/CodeIgniter.php(368): CodeIgniter\CodeIgniter->handleRequest(null, Object(Config\Cache), false)
 5 FCPATH/index.php(66): CodeIgniter\CodeIgniter->run()
CRITICAL - 2023-07-08 15:15:23 --> Trying to access array offset on value of type null
in APPPATH/Controllers/ProjectController.php on line 200.
 1 APPPATH/Controllers/ProjectController.php(200): CodeIgniter\Debug\Exceptions->errorHandler(2, 'Trying to access array offset on value of type null', 'APPPATH/Controllers/ProjectController.php', 200)
 2 SYSTEMPATH/CodeIgniter.php(934): App\Controllers\ProjectController->getAllData()
 3 SYSTEMPATH/CodeIgniter.php(499): CodeIgniter\CodeIgniter->runController(Object(App\Controllers\ProjectController))
 4 SYSTEMPATH/CodeIgniter.php(368): CodeIgniter\CodeIgniter->handleRequest(null, Object(Config\Cache), false)
 5 FCPATH/index.php(66): CodeIgniter\CodeIgniter->run()
CRITICAL - 2023-07-08 15:15:56 --> Trying to access array offset on value of type null
in APPPATH/Controllers/ProjectController.php on line 200.
 1 APPPATH/Controllers/ProjectController.php(200): CodeIgniter\Debug\Exceptions->errorHandler(2, 'Trying to access array offset on value of type null', 'APPPATH/Controllers/ProjectController.php', 200)
 2 SYSTEMPATH/CodeIgniter.php(934): App\Controllers\ProjectController->getAllData()
 3 SYSTEMPATH/CodeIgniter.php(499): CodeIgniter\CodeIgniter->runController(Object(App\Controllers\ProjectController))
 4 SYSTEMPATH/CodeIgniter.php(368): CodeIgniter\CodeIgniter->handleRequest(null, Object(Config\Cache), false)
 5 FCPATH/index.php(66): CodeIgniter\CodeIgniter->run()
CRITICAL - 2023-07-08 15:21:11 --> Trying to access array offset on value of type null
in APPPATH/Controllers/ProjectController.php on line 200.
 1 APPPATH/Controllers/ProjectController.php(200): CodeIgniter\Debug\Exceptions->errorHandler(2, 'Trying to access array offset on value of type null', 'APPPATH/Controllers/ProjectController.php', 200)
 2 SYSTEMPATH/CodeIgniter.php(934): App\Controllers\ProjectController->getAllData()
 3 SYSTEMPATH/CodeIgniter.php(499): CodeIgniter\CodeIgniter->runController(Object(App\Controllers\ProjectController))
 4 SYSTEMPATH/CodeIgniter.php(368): CodeIgniter\CodeIgniter->handleRequest(null, Object(Config\Cache), false)
 5 FCPATH/index.php(66): CodeIgniter\CodeIgniter->run()
CRITICAL - 2023-07-08 15:21:14 --> Undefined array key "company"
in APPPATH/Views/ticket/ticket_board_list.php on line 1137.
 1 APPPATH/Views/ticket/ticket_board_list.php(1137): CodeIgniter\Debug\Exceptions->errorHandler(2, 'Undefined array key "company"', 'APPPATH/Views/ticket/ticket_board_list.php', 1137)
 2 SYSTEMPATH/View/View.php(213): include('APPPATH/Views/ticket/ticket_board_list.php')
 3 SYSTEMPATH/View/View.php(216): CodeIgniter\View\View->CodeIgniter\View\{closure}()
 4 SYSTEMPATH/Common.php(1184): CodeIgniter\View\View->render('ticket/ticket_board_list', [], true)
 5 APPPATH/Controllers/TicketController.php(112): view('ticket/ticket_board_list', [...])
 6 SYSTEMPATH/CodeIgniter.php(934): App\Controllers\TicketController->index()
 7 SYSTEMPATH/CodeIgniter.php(499): CodeIgniter\CodeIgniter->runController(Object(App\Controllers\TicketController))
 8 SYSTEMPATH/CodeIgniter.php(368): CodeIgniter\CodeIgniter->handleRequest(null, Object(Config\Cache), false)
 9 FCPATH/index.php(66): CodeIgniter\CodeIgniter->run()
CRITICAL - 2023-07-08 15:21:14 --> Allowed memory size of 33554432 bytes exhausted (tried to allocate 7892992 bytes)
ã€Previous Exceptionã€‘
ErrorException
Undefined array key "company"
#0 /home/itblaster/repositories/itblaster/codeigniter/app/Views/ticket/ticket_board_list.php(1137): CodeIgniter\Debug\Exceptions->errorHandler(2, 'Undefined array...', '/home/itblaster...', 1137)
#1 /home/itblaster/repositories/itblaster/codeigniter/vendor/codeigniter4/framework/system/View/View.php(213): include('/home/itblaster...')
#2 /home/itblaster/repositories/itblaster/codeigniter/vendor/codeigniter4/framework/system/View/View.php(216): CodeIgniter\View\View->CodeIgniter\View\{closure}()
#3 /home/itblaster/repositories/itblaster/codeigniter/vendor/codeigniter4/framework/system/Common.php(1184): CodeIgniter\View\View->render('ticket/ticket_b...', Array, true)
#4 /home/itblaster/repositories/itblaster/codeigniter/app/Controllers/TicketController.php(112): view('ticket/ticket_b...', Array)
#5 /home/itblaster/repositories/itblaster/codeigniter/vendor/codeigniter4/framework/system/CodeIgniter.php(934): App\Controllers\TicketController->index()
#6 /home/itblaster/repositories/itblaster/codeigniter/vendor/codeigniter4/framework/system/CodeIgniter.php(499): CodeIgniter\CodeIgniter->runController(Object(App\Controllers\TicketController))
#7 /home/itblaster/repositories/itblaster/codeigniter/vendor/codeigniter4/framework/system/CodeIgniter.php(368): CodeIgniter\CodeIgniter->handleRequest(NULL, Object(Config\Cache), false)
#8 /home/itblaster/public_html/index.php(66): CodeIgniter\CodeIgniter->run()
#9 {main}
in APPPATH/Views/errors/html/error_exception.php on line 101.
 1 [internal function]: CodeIgniter\Debug\Exceptions->shutdownHandler()
CRITICAL - 2023-07-08 15:22:08 --> Trying to access array offset on value of type null
in APPPATH/Controllers/ProjectController.php on line 200.
 1 APPPATH/Controllers/ProjectController.php(200): CodeIgniter\Debug\Exceptions->errorHandler(2, 'Trying to access array offset on value of type null', 'APPPATH/Controllers/ProjectController.php', 200)
 2 SYSTEMPATH/CodeIgniter.php(934): App\Controllers\ProjectController->getAllData()
 3 SYSTEMPATH/CodeIgniter.php(499): CodeIgniter\CodeIgniter->runController(Object(App\Controllers\ProjectController))
 4 SYSTEMPATH/CodeIgniter.php(368): CodeIgniter\CodeIgniter->handleRequest(null, Object(Config\Cache), false)
 5 FCPATH/index.php(66): CodeIgniter\CodeIgniter->run()
CRITICAL - 2023-07-08 15:22:25 --> Trying to access array offset on value of type null
in APPPATH/Controllers/ProjectController.php on line 200.
 1 APPPATH/Controllers/ProjectController.php(200): CodeIgniter\Debug\Exceptions->errorHandler(2, 'Trying to access array offset on value of type null', 'APPPATH/Controllers/ProjectController.php', 200)
 2 SYSTEMPATH/CodeIgniter.php(934): App\Controllers\ProjectController->getAllData()
 3 SYSTEMPATH/CodeIgniter.php(499): CodeIgniter\CodeIgniter->runController(Object(App\Controllers\ProjectController))
 4 SYSTEMPATH/CodeIgniter.php(368): CodeIgniter\CodeIgniter->handleRequest(null, Object(Config\Cache), false)
 5 FCPATH/index.php(66): CodeIgniter\CodeIgniter->run()
