CRITICAL - 2023-08-16 13:49:27 --> Trying to access array offset on value of type null
in APPPATH/Controllers/ProjectController.php on line 201.
 1 APPPATH/Controllers/ProjectController.php(201): CodeIgniter\Debug\Exceptions->errorHandler(2, 'Trying to access array offset on value of type null', 'APPPATH/Controllers/ProjectController.php', 201)
 2 SYSTEMPATH/CodeIgniter.php(934): App\Controllers\ProjectController->getAllData()
 3 SYSTEMPATH/CodeIgniter.php(499): CodeIgniter\CodeIgniter->runController(Object(App\Controllers\ProjectController))
 4 SYSTEMPATH/CodeIgniter.php(368): CodeIgniter\CodeIgniter->handleRequest(null, Object(Config\Cache), false)
 5 FCPATH/index.php(66): CodeIgniter\CodeIgniter->run()
CRITICAL - 2023-08-16 13:50:01 --> Trying to access array offset on value of type null
in APPPATH/Controllers/ProjectController.php on line 201.
 1 APPPATH/Controllers/ProjectController.php(201): CodeIgniter\Debug\Exceptions->errorHandler(2, 'Trying to access array offset on value of type null', 'APPPATH/Controllers/ProjectController.php', 201)
 2 SYSTEMPATH/CodeIgniter.php(934): App\Controllers\ProjectController->getAllData()
 3 SYSTEMPATH/CodeIgniter.php(499): CodeIgniter\CodeIgniter->runController(Object(App\Controllers\ProjectController))
 4 SYSTEMPATH/CodeIgniter.php(368): CodeIgniter\CodeIgniter->handleRequest(null, Object(Config\Cache), false)
 5 FCPATH/index.php(66): CodeIgniter\CodeIgniter->run()
CRITICAL - 2023-08-16 14:02:54 --> Trying to access array offset on value of type null
in APPPATH/Controllers/ProjectController.php on line 201.
 1 APPPATH/Controllers/ProjectController.php(201): CodeIgniter\Debug\Exceptions->errorHandler(2, 'Trying to access array offset on value of type null', 'APPPATH/Controllers/ProjectController.php', 201)
 2 SYSTEMPATH/CodeIgniter.php(934): App\Controllers\ProjectController->getAllData()
 3 SYSTEMPATH/CodeIgniter.php(499): CodeIgniter\CodeIgniter->runController(Object(App\Controllers\ProjectController))
 4 SYSTEMPATH/CodeIgniter.php(368): CodeIgniter\CodeIgniter->handleRequest(null, Object(Config\Cache), false)
 5 FCPATH/index.php(66): CodeIgniter\CodeIgniter->run()
CRITICAL - 2023-08-16 14:08:28 --> Trying to access array offset on value of type null
in APPPATH/Controllers/ProjectController.php on line 201.
 1 APPPATH/Controllers/ProjectController.php(201): CodeIgniter\Debug\Exceptions->errorHandler(2, 'Trying to access array offset on value of type null', 'APPPATH/Controllers/ProjectController.php', 201)
 2 SYSTEMPATH/CodeIgniter.php(934): App\Controllers\ProjectController->getAllData()
 3 SYSTEMPATH/CodeIgniter.php(499): CodeIgniter\CodeIgniter->runController(Object(App\Controllers\ProjectController))
 4 SYSTEMPATH/CodeIgniter.php(368): CodeIgniter\CodeIgniter->handleRequest(null, Object(Config\Cache), false)
 5 FCPATH/index.php(66): CodeIgniter\CodeIgniter->run()
CRITICAL - 2023-08-16 14:09:03 --> Trying to access array offset on value of type null
in APPPATH/Controllers/ProjectController.php on line 201.
 1 APPPATH/Controllers/ProjectController.php(201): CodeIgniter\Debug\Exceptions->errorHandler(2, 'Trying to access array offset on value of type null', 'APPPATH/Controllers/ProjectController.php', 201)
 2 SYSTEMPATH/CodeIgniter.php(934): App\Controllers\ProjectController->getAllData()
 3 SYSTEMPATH/CodeIgniter.php(499): CodeIgniter\CodeIgniter->runController(Object(App\Controllers\ProjectController))
 4 SYSTEMPATH/CodeIgniter.php(368): CodeIgniter\CodeIgniter->handleRequest(null, Object(Config\Cache), false)
 5 FCPATH/index.php(66): CodeIgniter\CodeIgniter->run()
CRITICAL - 2023-08-16 14:09:51 --> Trying to access array offset on value of type null
in APPPATH/Controllers/ProjectController.php on line 201.
 1 APPPATH/Controllers/ProjectController.php(201): CodeIgniter\Debug\Exceptions->errorHandler(2, 'Trying to access array offset on value of type null', 'APPPATH/Controllers/ProjectController.php', 201)
 2 SYSTEMPATH/CodeIgniter.php(934): App\Controllers\ProjectController->getAllData()
 3 SYSTEMPATH/CodeIgniter.php(499): CodeIgniter\CodeIgniter->runController(Object(App\Controllers\ProjectController))
 4 SYSTEMPATH/CodeIgniter.php(368): CodeIgniter\CodeIgniter->handleRequest(null, Object(Config\Cache), false)
 5 FCPATH/index.php(66): CodeIgniter\CodeIgniter->run()
CRITICAL - 2023-08-16 14:55:02 --> Trying to access array offset on value of type null
in APPPATH/Controllers/ProjectController.php on line 201.
 1 APPPATH/Controllers/ProjectController.php(201): CodeIgniter\Debug\Exceptions->errorHandler(2, 'Trying to access array offset on value of type null', 'APPPATH/Controllers/ProjectController.php', 201)
 2 SYSTEMPATH/CodeIgniter.php(934): App\Controllers\ProjectController->getAllData()
 3 SYSTEMPATH/CodeIgniter.php(499): CodeIgniter\CodeIgniter->runController(Object(App\Controllers\ProjectController))
 4 SYSTEMPATH/CodeIgniter.php(368): CodeIgniter\CodeIgniter->handleRequest(null, Object(Config\Cache), false)
 5 FCPATH/index.php(66): CodeIgniter\CodeIgniter->run()
CRITICAL - 2023-08-16 15:53:55 --> Trying to access array offset on value of type null
in APPPATH/Controllers/ProjectController.php on line 201.
 1 APPPATH/Controllers/ProjectController.php(201): CodeIgniter\Debug\Exceptions->errorHandler(2, 'Trying to access array offset on value of type null', 'APPPATH/Controllers/ProjectController.php', 201)
 2 SYSTEMPATH/CodeIgniter.php(934): App\Controllers\ProjectController->getAllData()
 3 SYSTEMPATH/CodeIgniter.php(499): CodeIgniter\CodeIgniter->runController(Object(App\Controllers\ProjectController))
 4 SYSTEMPATH/CodeIgniter.php(368): CodeIgniter\CodeIgniter->handleRequest(null, Object(Config\Cache), false)
 5 FCPATH/index.php(66): CodeIgniter\CodeIgniter->run()
CRITICAL - 2023-08-16 17:31:14 --> Trying to access array offset on value of type null
in APPPATH/Controllers/ProjectController.php on line 201.
 1 APPPATH/Controllers/ProjectController.php(201): CodeIgniter\Debug\Exceptions->errorHandler(2, 'Trying to access array offset on value of type null', 'APPPATH/Controllers/ProjectController.php', 201)
 2 SYSTEMPATH/CodeIgniter.php(934): App\Controllers\ProjectController->getAllData()
 3 SYSTEMPATH/CodeIgniter.php(499): CodeIgniter\CodeIgniter->runController(Object(App\Controllers\ProjectController))
 4 SYSTEMPATH/CodeIgniter.php(368): CodeIgniter\CodeIgniter->handleRequest(null, Object(Config\Cache), false)
 5 FCPATH/index.php(66): CodeIgniter\CodeIgniter->run()
CRITICAL - 2023-08-16 19:20:22 --> Trying to access array offset on value of type null
in APPPATH/Controllers/ProjectController.php on line 201.
 1 APPPATH/Controllers/ProjectController.php(201): CodeIgniter\Debug\Exceptions->errorHandler(2, 'Trying to access array offset on value of type null', 'APPPATH/Controllers/ProjectController.php', 201)
 2 SYSTEMPATH/CodeIgniter.php(934): App\Controllers\ProjectController->getAllData()
 3 SYSTEMPATH/CodeIgniter.php(499): CodeIgniter\CodeIgniter->runController(Object(App\Controllers\ProjectController))
 4 SYSTEMPATH/CodeIgniter.php(368): CodeIgniter\CodeIgniter->handleRequest(null, Object(Config\Cache), false)
 5 FCPATH/index.php(66): CodeIgniter\CodeIgniter->run()
CRITICAL - 2023-08-16 19:21:45 --> Trying to access array offset on value of type null
in APPPATH/Controllers/ProjectController.php on line 201.
 1 APPPATH/Controllers/ProjectController.php(201): CodeIgniter\Debug\Exceptions->errorHandler(2, 'Trying to access array offset on value of type null', 'APPPATH/Controllers/ProjectController.php', 201)
 2 SYSTEMPATH/CodeIgniter.php(934): App\Controllers\ProjectController->getAllData()
 3 SYSTEMPATH/CodeIgniter.php(499): CodeIgniter\CodeIgniter->runController(Object(App\Controllers\ProjectController))
 4 SYSTEMPATH/CodeIgniter.php(368): CodeIgniter\CodeIgniter->handleRequest(null, Object(Config\Cache), false)
 5 FCPATH/index.php(66): CodeIgniter\CodeIgniter->run()
CRITICAL - 2023-08-16 19:25:08 --> Trying to access array offset on value of type null
in APPPATH/Controllers/ProjectController.php on line 201.
 1 APPPATH/Controllers/ProjectController.php(201): CodeIgniter\Debug\Exceptions->errorHandler(2, 'Trying to access array offset on value of type null', 'APPPATH/Controllers/ProjectController.php', 201)
 2 SYSTEMPATH/CodeIgniter.php(934): App\Controllers\ProjectController->getAllData()
 3 SYSTEMPATH/CodeIgniter.php(499): CodeIgniter\CodeIgniter->runController(Object(App\Controllers\ProjectController))
 4 SYSTEMPATH/CodeIgniter.php(368): CodeIgniter\CodeIgniter->handleRequest(null, Object(Config\Cache), false)
 5 FCPATH/index.php(66): CodeIgniter\CodeIgniter->run()
CRITICAL - 2023-08-16 19:28:40 --> Trying to access array offset on value of type null
in APPPATH/Controllers/ProjectController.php on line 201.
 1 APPPATH/Controllers/ProjectController.php(201): CodeIgniter\Debug\Exceptions->errorHandler(2, 'Trying to access array offset on value of type null', 'APPPATH/Controllers/ProjectController.php', 201)
 2 SYSTEMPATH/CodeIgniter.php(934): App\Controllers\ProjectController->getAllData()
 3 SYSTEMPATH/CodeIgniter.php(499): CodeIgniter\CodeIgniter->runController(Object(App\Controllers\ProjectController))
 4 SYSTEMPATH/CodeIgniter.php(368): CodeIgniter\CodeIgniter->handleRequest(null, Object(Config\Cache), false)
 5 FCPATH/index.php(66): CodeIgniter\CodeIgniter->run()
CRITICAL - 2023-08-16 19:28:53 --> Trying to access array offset on value of type null
in APPPATH/Controllers/ProjectController.php on line 201.
 1 APPPATH/Controllers/ProjectController.php(201): CodeIgniter\Debug\Exceptions->errorHandler(2, 'Trying to access array offset on value of type null', 'APPPATH/Controllers/ProjectController.php', 201)
 2 SYSTEMPATH/CodeIgniter.php(934): App\Controllers\ProjectController->getAllData()
 3 SYSTEMPATH/CodeIgniter.php(499): CodeIgniter\CodeIgniter->runController(Object(App\Controllers\ProjectController))
 4 SYSTEMPATH/CodeIgniter.php(368): CodeIgniter\CodeIgniter->handleRequest(null, Object(Config\Cache), false)
 5 FCPATH/index.php(66): CodeIgniter\CodeIgniter->run()
CRITICAL - 2023-08-16 20:31:33 --> Trying to access array offset on value of type null
in APPPATH/Controllers/ProjectController.php on line 201.
 1 APPPATH/Controllers/ProjectController.php(201): CodeIgniter\Debug\Exceptions->errorHandler(2, 'Trying to access array offset on value of type null', 'APPPATH/Controllers/ProjectController.php', 201)
 2 SYSTEMPATH/CodeIgniter.php(934): App\Controllers\ProjectController->getAllData()
 3 SYSTEMPATH/CodeIgniter.php(499): CodeIgniter\CodeIgniter->runController(Object(App\Controllers\ProjectController))
 4 SYSTEMPATH/CodeIgniter.php(368): CodeIgniter\CodeIgniter->handleRequest(null, Object(Config\Cache), false)
 5 FCPATH/index.php(66): CodeIgniter\CodeIgniter->run()
CRITICAL - 2023-08-16 21:29:53 --> Trying to access array offset on value of type null
in APPPATH/Controllers/ProjectController.php on line 201.
 1 APPPATH/Controllers/ProjectController.php(201): CodeIgniter\Debug\Exceptions->errorHandler(2, 'Trying to access array offset on value of type null', 'APPPATH/Controllers/ProjectController.php', 201)
 2 SYSTEMPATH/CodeIgniter.php(934): App\Controllers\ProjectController->getAllData()
 3 SYSTEMPATH/CodeIgniter.php(499): CodeIgniter\CodeIgniter->runController(Object(App\Controllers\ProjectController))
 4 SYSTEMPATH/CodeIgniter.php(368): CodeIgniter\CodeIgniter->handleRequest(null, Object(Config\Cache), false)
 5 FCPATH/index.php(66): CodeIgniter\CodeIgniter->run()
CRITICAL - 2023-08-16 21:30:32 --> Trying to access array offset on value of type null
in APPPATH/Controllers/ProjectController.php on line 201.
 1 APPPATH/Controllers/ProjectController.php(201): CodeIgniter\Debug\Exceptions->errorHandler(2, 'Trying to access array offset on value of type null', 'APPPATH/Controllers/ProjectController.php', 201)
 2 SYSTEMPATH/CodeIgniter.php(934): App\Controllers\ProjectController->getAllData()
 3 SYSTEMPATH/CodeIgniter.php(499): CodeIgniter\CodeIgniter->runController(Object(App\Controllers\ProjectController))
 4 SYSTEMPATH/CodeIgniter.php(368): CodeIgniter\CodeIgniter->handleRequest(null, Object(Config\Cache), false)
 5 FCPATH/index.php(66): CodeIgniter\CodeIgniter->run()
CRITICAL - 2023-08-16 21:32:00 --> Trying to access array offset on value of type null
in APPPATH/Controllers/ProjectController.php on line 201.
 1 APPPATH/Controllers/ProjectController.php(201): CodeIgniter\Debug\Exceptions->errorHandler(2, 'Trying to access array offset on value of type null', 'APPPATH/Controllers/ProjectController.php', 201)
 2 SYSTEMPATH/CodeIgniter.php(934): App\Controllers\ProjectController->getAllData()
 3 SYSTEMPATH/CodeIgniter.php(499): CodeIgniter\CodeIgniter->runController(Object(App\Controllers\ProjectController))
 4 SYSTEMPATH/CodeIgniter.php(368): CodeIgniter\CodeIgniter->handleRequest(null, Object(Config\Cache), false)
 5 FCPATH/index.php(66): CodeIgniter\CodeIgniter->run()
CRITICAL - 2023-08-16 21:35:35 --> Trying to access array offset on value of type null
in APPPATH/Controllers/ProjectController.php on line 201.
 1 APPPATH/Controllers/ProjectController.php(201): CodeIgniter\Debug\Exceptions->errorHandler(2, 'Trying to access array offset on value of type null', 'APPPATH/Controllers/ProjectController.php', 201)
 2 SYSTEMPATH/CodeIgniter.php(934): App\Controllers\ProjectController->getAllData()
 3 SYSTEMPATH/CodeIgniter.php(499): CodeIgniter\CodeIgniter->runController(Object(App\Controllers\ProjectController))
 4 SYSTEMPATH/CodeIgniter.php(368): CodeIgniter\CodeIgniter->handleRequest(null, Object(Config\Cache), false)
 5 FCPATH/index.php(66): CodeIgniter\CodeIgniter->run()
CRITICAL - 2023-08-16 21:37:12 --> Trying to access array offset on value of type null
in APPPATH/Controllers/ProjectController.php on line 201.
 1 APPPATH/Controllers/ProjectController.php(201): CodeIgniter\Debug\Exceptions->errorHandler(2, 'Trying to access array offset on value of type null', 'APPPATH/Controllers/ProjectController.php', 201)
 2 SYSTEMPATH/CodeIgniter.php(934): App\Controllers\ProjectController->getAllData()
 3 SYSTEMPATH/CodeIgniter.php(499): CodeIgniter\CodeIgniter->runController(Object(App\Controllers\ProjectController))
 4 SYSTEMPATH/CodeIgniter.php(368): CodeIgniter\CodeIgniter->handleRequest(null, Object(Config\Cache), false)
 5 FCPATH/index.php(66): CodeIgniter\CodeIgniter->run()
CRITICAL - 2023-08-16 21:52:03 --> Trying to access array offset on value of type null
in APPPATH/Controllers/ProjectController.php on line 201.
 1 APPPATH/Controllers/ProjectController.php(201): CodeIgniter\Debug\Exceptions->errorHandler(2, 'Trying to access array offset on value of type null', 'APPPATH/Controllers/ProjectController.php', 201)
 2 SYSTEMPATH/CodeIgniter.php(934): App\Controllers\ProjectController->getAllData()
 3 SYSTEMPATH/CodeIgniter.php(499): CodeIgniter\CodeIgniter->runController(Object(App\Controllers\ProjectController))
 4 SYSTEMPATH/CodeIgniter.php(368): CodeIgniter\CodeIgniter->handleRequest(null, Object(Config\Cache), false)
 5 FCPATH/index.php(66): CodeIgniter\CodeIgniter->run()
CRITICAL - 2023-08-16 21:52:34 --> Trying to access array offset on value of type null
in APPPATH/Controllers/ProjectController.php on line 201.
 1 APPPATH/Controllers/ProjectController.php(201): CodeIgniter\Debug\Exceptions->errorHandler(2, 'Trying to access array offset on value of type null', 'APPPATH/Controllers/ProjectController.php', 201)
 2 SYSTEMPATH/CodeIgniter.php(934): App\Controllers\ProjectController->getAllData()
 3 SYSTEMPATH/CodeIgniter.php(499): CodeIgniter\CodeIgniter->runController(Object(App\Controllers\ProjectController))
 4 SYSTEMPATH/CodeIgniter.php(368): CodeIgniter\CodeIgniter->handleRequest(null, Object(Config\Cache), false)
 5 FCPATH/index.php(66): CodeIgniter\CodeIgniter->run()
