CRITICAL - 2023-08-01 14:18:33 --> Trying to access array offset on value of type null
in APPPATH/Controllers/ProjectController.php on line 201.
 1 APPPATH/Controllers/ProjectController.php(201): CodeIgniter\Debug\Exceptions->errorHandler(2, 'Trying to access array offset on value of type null', 'APPPATH/Controllers/ProjectController.php', 201)
 2 SYSTEMPATH/CodeIgniter.php(934): App\Controllers\ProjectController->getAllData()
 3 SYSTEMPATH/CodeIgniter.php(499): CodeIgniter\CodeIgniter->runController(Object(App\Controllers\ProjectController))
 4 SYSTEMPATH/CodeIgniter.php(368): CodeIgniter\CodeIgniter->handleRequest(null, Object(Config\Cache), false)
 5 FCPATH/index.php(66): CodeIgniter\CodeIgniter->run()
CRITICAL - 2023-08-01 14:19:07 --> Trying to access array offset on value of type null
in APPPATH/Controllers/ProjectController.php on line 201.
 1 APPPATH/Controllers/ProjectController.php(201): CodeIgniter\Debug\Exceptions->errorHandler(2, 'Trying to access array offset on value of type null', 'APPPATH/Controllers/ProjectController.php', 201)
 2 SYSTEMPATH/CodeIgniter.php(934): App\Controllers\ProjectController->getAllData()
 3 SYSTEMPATH/CodeIgniter.php(499): CodeIgniter\CodeIgniter->runController(Object(App\Controllers\ProjectController))
 4 SYSTEMPATH/CodeIgniter.php(368): CodeIgniter\CodeIgniter->handleRequest(null, Object(Config\Cache), false)
 5 FCPATH/index.php(66): CodeIgniter\CodeIgniter->run()
CRITICAL - 2023-08-01 14:19:20 --> Trying to access array offset on value of type null
in APPPATH/Controllers/ProjectController.php on line 201.
 1 APPPATH/Controllers/ProjectController.php(201): CodeIgniter\Debug\Exceptions->errorHandler(2, 'Trying to access array offset on value of type null', 'APPPATH/Controllers/ProjectController.php', 201)
 2 SYSTEMPATH/CodeIgniter.php(934): App\Controllers\ProjectController->getAllData()
 3 SYSTEMPATH/CodeIgniter.php(499): CodeIgniter\CodeIgniter->runController(Object(App\Controllers\ProjectController))
 4 SYSTEMPATH/CodeIgniter.php(368): CodeIgniter\CodeIgniter->handleRequest(null, Object(Config\Cache), false)
 5 FCPATH/index.php(66): CodeIgniter\CodeIgniter->run()
CRITICAL - 2023-08-01 14:19:29 --> Trying to access array offset on value of type null
in APPPATH/Controllers/ProjectController.php on line 201.
 1 APPPATH/Controllers/ProjectController.php(201): CodeIgniter\Debug\Exceptions->errorHandler(2, 'Trying to access array offset on value of type null', 'APPPATH/Controllers/ProjectController.php', 201)
 2 SYSTEMPATH/CodeIgniter.php(934): App\Controllers\ProjectController->getAllData()
 3 SYSTEMPATH/CodeIgniter.php(499): CodeIgniter\CodeIgniter->runController(Object(App\Controllers\ProjectController))
 4 SYSTEMPATH/CodeIgniter.php(368): CodeIgniter\CodeIgniter->handleRequest(null, Object(Config\Cache), false)
 5 FCPATH/index.php(66): CodeIgniter\CodeIgniter->run()
CRITICAL - 2023-08-01 14:20:02 --> Trying to access array offset on value of type null
in APPPATH/Controllers/ProjectController.php on line 201.
 1 APPPATH/Controllers/ProjectController.php(201): CodeIgniter\Debug\Exceptions->errorHandler(2, 'Trying to access array offset on value of type null', 'APPPATH/Controllers/ProjectController.php', 201)
 2 SYSTEMPATH/CodeIgniter.php(934): App\Controllers\ProjectController->getAllData()
 3 SYSTEMPATH/CodeIgniter.php(499): CodeIgniter\CodeIgniter->runController(Object(App\Controllers\ProjectController))
 4 SYSTEMPATH/CodeIgniter.php(368): CodeIgniter\CodeIgniter->handleRequest(null, Object(Config\Cache), false)
 5 FCPATH/index.php(66): CodeIgniter\CodeIgniter->run()
CRITICAL - 2023-08-01 14:23:15 --> Trying to access array offset on value of type null
in APPPATH/Controllers/ProjectController.php on line 201.
 1 APPPATH/Controllers/ProjectController.php(201): CodeIgniter\Debug\Exceptions->errorHandler(2, 'Trying to access array offset on value of type null', 'APPPATH/Controllers/ProjectController.php', 201)
 2 SYSTEMPATH/CodeIgniter.php(934): App\Controllers\ProjectController->getAllData()
 3 SYSTEMPATH/CodeIgniter.php(499): CodeIgniter\CodeIgniter->runController(Object(App\Controllers\ProjectController))
 4 SYSTEMPATH/CodeIgniter.php(368): CodeIgniter\CodeIgniter->handleRequest(null, Object(Config\Cache), false)
 5 FCPATH/index.php(66): CodeIgniter\CodeIgniter->run()
CRITICAL - 2023-08-01 14:23:53 --> Trying to access array offset on value of type null
in APPPATH/Controllers/ProjectController.php on line 201.
 1 APPPATH/Controllers/ProjectController.php(201): CodeIgniter\Debug\Exceptions->errorHandler(2, 'Trying to access array offset on value of type null', 'APPPATH/Controllers/ProjectController.php', 201)
 2 SYSTEMPATH/CodeIgniter.php(934): App\Controllers\ProjectController->getAllData()
 3 SYSTEMPATH/CodeIgniter.php(499): CodeIgniter\CodeIgniter->runController(Object(App\Controllers\ProjectController))
 4 SYSTEMPATH/CodeIgniter.php(368): CodeIgniter\CodeIgniter->handleRequest(null, Object(Config\Cache), false)
 5 FCPATH/index.php(66): CodeIgniter\CodeIgniter->run()
CRITICAL - 2023-08-01 14:24:25 --> Trying to access array offset on value of type null
in APPPATH/Controllers/ProjectController.php on line 201.
 1 APPPATH/Controllers/ProjectController.php(201): CodeIgniter\Debug\Exceptions->errorHandler(2, 'Trying to access array offset on value of type null', 'APPPATH/Controllers/ProjectController.php', 201)
 2 SYSTEMPATH/CodeIgniter.php(934): App\Controllers\ProjectController->getAllData()
 3 SYSTEMPATH/CodeIgniter.php(499): CodeIgniter\CodeIgniter->runController(Object(App\Controllers\ProjectController))
 4 SYSTEMPATH/CodeIgniter.php(368): CodeIgniter\CodeIgniter->handleRequest(null, Object(Config\Cache), false)
 5 FCPATH/index.php(66): CodeIgniter\CodeIgniter->run()
CRITICAL - 2023-08-01 14:24:46 --> Trying to access array offset on value of type null
in APPPATH/Controllers/ProjectController.php on line 201.
 1 APPPATH/Controllers/ProjectController.php(201): CodeIgniter\Debug\Exceptions->errorHandler(2, 'Trying to access array offset on value of type null', 'APPPATH/Controllers/ProjectController.php', 201)
 2 SYSTEMPATH/CodeIgniter.php(934): App\Controllers\ProjectController->getAllData()
 3 SYSTEMPATH/CodeIgniter.php(499): CodeIgniter\CodeIgniter->runController(Object(App\Controllers\ProjectController))
 4 SYSTEMPATH/CodeIgniter.php(368): CodeIgniter\CodeIgniter->handleRequest(null, Object(Config\Cache), false)
 5 FCPATH/index.php(66): CodeIgniter\CodeIgniter->run()
CRITICAL - 2023-08-01 14:25:15 --> Trying to access array offset on value of type null
in APPPATH/Controllers/ProjectController.php on line 201.
 1 APPPATH/Controllers/ProjectController.php(201): CodeIgniter\Debug\Exceptions->errorHandler(2, 'Trying to access array offset on value of type null', 'APPPATH/Controllers/ProjectController.php', 201)
 2 SYSTEMPATH/CodeIgniter.php(934): App\Controllers\ProjectController->getAllData()
 3 SYSTEMPATH/CodeIgniter.php(499): CodeIgniter\CodeIgniter->runController(Object(App\Controllers\ProjectController))
 4 SYSTEMPATH/CodeIgniter.php(368): CodeIgniter\CodeIgniter->handleRequest(null, Object(Config\Cache), false)
 5 FCPATH/index.php(66): CodeIgniter\CodeIgniter->run()
CRITICAL - 2023-08-01 14:25:32 --> Trying to access array offset on value of type null
in APPPATH/Controllers/ProjectController.php on line 201.
 1 APPPATH/Controllers/ProjectController.php(201): CodeIgniter\Debug\Exceptions->errorHandler(2, 'Trying to access array offset on value of type null', 'APPPATH/Controllers/ProjectController.php', 201)
 2 SYSTEMPATH/CodeIgniter.php(934): App\Controllers\ProjectController->getAllData()
 3 SYSTEMPATH/CodeIgniter.php(499): CodeIgniter\CodeIgniter->runController(Object(App\Controllers\ProjectController))
 4 SYSTEMPATH/CodeIgniter.php(368): CodeIgniter\CodeIgniter->handleRequest(null, Object(Config\Cache), false)
 5 FCPATH/index.php(66): CodeIgniter\CodeIgniter->run()
CRITICAL - 2023-08-01 14:25:50 --> Trying to access array offset on value of type null
in APPPATH/Controllers/ProjectController.php on line 201.
 1 APPPATH/Controllers/ProjectController.php(201): CodeIgniter\Debug\Exceptions->errorHandler(2, 'Trying to access array offset on value of type null', 'APPPATH/Controllers/ProjectController.php', 201)
 2 SYSTEMPATH/CodeIgniter.php(934): App\Controllers\ProjectController->getAllData()
 3 SYSTEMPATH/CodeIgniter.php(499): CodeIgniter\CodeIgniter->runController(Object(App\Controllers\ProjectController))
 4 SYSTEMPATH/CodeIgniter.php(368): CodeIgniter\CodeIgniter->handleRequest(null, Object(Config\Cache), false)
 5 FCPATH/index.php(66): CodeIgniter\CodeIgniter->run()
CRITICAL - 2023-08-01 15:01:58 --> Trying to access array offset on value of type null
in APPPATH/Controllers/ProjectController.php on line 201.
 1 APPPATH/Controllers/ProjectController.php(201): CodeIgniter\Debug\Exceptions->errorHandler(2, 'Trying to access array offset on value of type null', 'APPPATH/Controllers/ProjectController.php', 201)
 2 SYSTEMPATH/CodeIgniter.php(934): App\Controllers\ProjectController->getAllData()
 3 SYSTEMPATH/CodeIgniter.php(499): CodeIgniter\CodeIgniter->runController(Object(App\Controllers\ProjectController))
 4 SYSTEMPATH/CodeIgniter.php(368): CodeIgniter\CodeIgniter->handleRequest(null, Object(Config\Cache), false)
 5 FCPATH/index.php(66): CodeIgniter\CodeIgniter->run()
CRITICAL - 2023-08-01 15:02:18 --> Trying to access array offset on value of type null
in APPPATH/Controllers/ProjectController.php on line 201.
 1 APPPATH/Controllers/ProjectController.php(201): CodeIgniter\Debug\Exceptions->errorHandler(2, 'Trying to access array offset on value of type null', 'APPPATH/Controllers/ProjectController.php', 201)
 2 SYSTEMPATH/CodeIgniter.php(934): App\Controllers\ProjectController->getAllData()
 3 SYSTEMPATH/CodeIgniter.php(499): CodeIgniter\CodeIgniter->runController(Object(App\Controllers\ProjectController))
 4 SYSTEMPATH/CodeIgniter.php(368): CodeIgniter\CodeIgniter->handleRequest(null, Object(Config\Cache), false)
 5 FCPATH/index.php(66): CodeIgniter\CodeIgniter->run()
CRITICAL - 2023-08-01 15:02:41 --> Trying to access array offset on value of type null
in APPPATH/Controllers/ProjectController.php on line 201.
 1 APPPATH/Controllers/ProjectController.php(201): CodeIgniter\Debug\Exceptions->errorHandler(2, 'Trying to access array offset on value of type null', 'APPPATH/Controllers/ProjectController.php', 201)
 2 SYSTEMPATH/CodeIgniter.php(934): App\Controllers\ProjectController->getAllData()
 3 SYSTEMPATH/CodeIgniter.php(499): CodeIgniter\CodeIgniter->runController(Object(App\Controllers\ProjectController))
 4 SYSTEMPATH/CodeIgniter.php(368): CodeIgniter\CodeIgniter->handleRequest(null, Object(Config\Cache), false)
 5 FCPATH/index.php(66): CodeIgniter\CodeIgniter->run()
CRITICAL - 2023-08-01 15:02:51 --> Trying to access array offset on value of type null
in APPPATH/Controllers/ProjectController.php on line 201.
 1 APPPATH/Controllers/ProjectController.php(201): CodeIgniter\Debug\Exceptions->errorHandler(2, 'Trying to access array offset on value of type null', 'APPPATH/Controllers/ProjectController.php', 201)
 2 SYSTEMPATH/CodeIgniter.php(934): App\Controllers\ProjectController->getAllData()
 3 SYSTEMPATH/CodeIgniter.php(499): CodeIgniter\CodeIgniter->runController(Object(App\Controllers\ProjectController))
 4 SYSTEMPATH/CodeIgniter.php(368): CodeIgniter\CodeIgniter->handleRequest(null, Object(Config\Cache), false)
 5 FCPATH/index.php(66): CodeIgniter\CodeIgniter->run()
CRITICAL - 2023-08-01 15:03:04 --> Trying to access array offset on value of type null
in APPPATH/Controllers/ProjectController.php on line 201.
 1 APPPATH/Controllers/ProjectController.php(201): CodeIgniter\Debug\Exceptions->errorHandler(2, 'Trying to access array offset on value of type null', 'APPPATH/Controllers/ProjectController.php', 201)
 2 SYSTEMPATH/CodeIgniter.php(934): App\Controllers\ProjectController->getAllData()
 3 SYSTEMPATH/CodeIgniter.php(499): CodeIgniter\CodeIgniter->runController(Object(App\Controllers\ProjectController))
 4 SYSTEMPATH/CodeIgniter.php(368): CodeIgniter\CodeIgniter->handleRequest(null, Object(Config\Cache), false)
 5 FCPATH/index.php(66): CodeIgniter\CodeIgniter->run()
CRITICAL - 2023-08-01 15:03:24 --> Trying to access array offset on value of type null
in APPPATH/Controllers/ProjectController.php on line 201.
 1 APPPATH/Controllers/ProjectController.php(201): CodeIgniter\Debug\Exceptions->errorHandler(2, 'Trying to access array offset on value of type null', 'APPPATH/Controllers/ProjectController.php', 201)
 2 SYSTEMPATH/CodeIgniter.php(934): App\Controllers\ProjectController->getAllData()
 3 SYSTEMPATH/CodeIgniter.php(499): CodeIgniter\CodeIgniter->runController(Object(App\Controllers\ProjectController))
 4 SYSTEMPATH/CodeIgniter.php(368): CodeIgniter\CodeIgniter->handleRequest(null, Object(Config\Cache), false)
 5 FCPATH/index.php(66): CodeIgniter\CodeIgniter->run()
CRITICAL - 2023-08-01 15:04:05 --> Trying to access array offset on value of type null
in APPPATH/Controllers/ProjectController.php on line 201.
 1 APPPATH/Controllers/ProjectController.php(201): CodeIgniter\Debug\Exceptions->errorHandler(2, 'Trying to access array offset on value of type null', 'APPPATH/Controllers/ProjectController.php', 201)
 2 SYSTEMPATH/CodeIgniter.php(934): App\Controllers\ProjectController->getAllData()
 3 SYSTEMPATH/CodeIgniter.php(499): CodeIgniter\CodeIgniter->runController(Object(App\Controllers\ProjectController))
 4 SYSTEMPATH/CodeIgniter.php(368): CodeIgniter\CodeIgniter->handleRequest(null, Object(Config\Cache), false)
 5 FCPATH/index.php(66): CodeIgniter\CodeIgniter->run()
CRITICAL - 2023-08-01 15:04:30 --> Trying to access array offset on value of type null
in APPPATH/Controllers/ProjectController.php on line 201.
 1 APPPATH/Controllers/ProjectController.php(201): CodeIgniter\Debug\Exceptions->errorHandler(2, 'Trying to access array offset on value of type null', 'APPPATH/Controllers/ProjectController.php', 201)
 2 SYSTEMPATH/CodeIgniter.php(934): App\Controllers\ProjectController->getAllData()
 3 SYSTEMPATH/CodeIgniter.php(499): CodeIgniter\CodeIgniter->runController(Object(App\Controllers\ProjectController))
 4 SYSTEMPATH/CodeIgniter.php(368): CodeIgniter\CodeIgniter->handleRequest(null, Object(Config\Cache), false)
 5 FCPATH/index.php(66): CodeIgniter\CodeIgniter->run()
CRITICAL - 2023-08-01 15:04:44 --> Trying to access array offset on value of type null
in APPPATH/Controllers/ProjectController.php on line 201.
 1 APPPATH/Controllers/ProjectController.php(201): CodeIgniter\Debug\Exceptions->errorHandler(2, 'Trying to access array offset on value of type null', 'APPPATH/Controllers/ProjectController.php', 201)
 2 SYSTEMPATH/CodeIgniter.php(934): App\Controllers\ProjectController->getAllData()
 3 SYSTEMPATH/CodeIgniter.php(499): CodeIgniter\CodeIgniter->runController(Object(App\Controllers\ProjectController))
 4 SYSTEMPATH/CodeIgniter.php(368): CodeIgniter\CodeIgniter->handleRequest(null, Object(Config\Cache), false)
 5 FCPATH/index.php(66): CodeIgniter\CodeIgniter->run()
CRITICAL - 2023-08-01 15:06:28 --> Trying to access array offset on value of type null
in APPPATH/Controllers/ProjectController.php on line 201.
 1 APPPATH/Controllers/ProjectController.php(201): CodeIgniter\Debug\Exceptions->errorHandler(2, 'Trying to access array offset on value of type null', 'APPPATH/Controllers/ProjectController.php', 201)
 2 SYSTEMPATH/CodeIgniter.php(934): App\Controllers\ProjectController->getAllData()
 3 SYSTEMPATH/CodeIgniter.php(499): CodeIgniter\CodeIgniter->runController(Object(App\Controllers\ProjectController))
 4 SYSTEMPATH/CodeIgniter.php(368): CodeIgniter\CodeIgniter->handleRequest(null, Object(Config\Cache), false)
 5 FCPATH/index.php(66): CodeIgniter\CodeIgniter->run()
CRITICAL - 2023-08-01 15:06:46 --> Trying to access array offset on value of type null
in APPPATH/Controllers/ProjectController.php on line 201.
 1 APPPATH/Controllers/ProjectController.php(201): CodeIgniter\Debug\Exceptions->errorHandler(2, 'Trying to access array offset on value of type null', 'APPPATH/Controllers/ProjectController.php', 201)
 2 SYSTEMPATH/CodeIgniter.php(934): App\Controllers\ProjectController->getAllData()
 3 SYSTEMPATH/CodeIgniter.php(499): CodeIgniter\CodeIgniter->runController(Object(App\Controllers\ProjectController))
 4 SYSTEMPATH/CodeIgniter.php(368): CodeIgniter\CodeIgniter->handleRequest(null, Object(Config\Cache), false)
 5 FCPATH/index.php(66): CodeIgniter\CodeIgniter->run()
CRITICAL - 2023-08-01 15:08:24 --> Trying to access array offset on value of type null
in APPPATH/Controllers/ProjectController.php on line 201.
 1 APPPATH/Controllers/ProjectController.php(201): CodeIgniter\Debug\Exceptions->errorHandler(2, 'Trying to access array offset on value of type null', 'APPPATH/Controllers/ProjectController.php', 201)
 2 SYSTEMPATH/CodeIgniter.php(934): App\Controllers\ProjectController->getAllData()
 3 SYSTEMPATH/CodeIgniter.php(499): CodeIgniter\CodeIgniter->runController(Object(App\Controllers\ProjectController))
 4 SYSTEMPATH/CodeIgniter.php(368): CodeIgniter\CodeIgniter->handleRequest(null, Object(Config\Cache), false)
 5 FCPATH/index.php(66): CodeIgniter\CodeIgniter->run()
CRITICAL - 2023-08-01 15:08:49 --> Trying to access array offset on value of type null
in APPPATH/Controllers/ProjectController.php on line 201.
 1 APPPATH/Controllers/ProjectController.php(201): CodeIgniter\Debug\Exceptions->errorHandler(2, 'Trying to access array offset on value of type null', 'APPPATH/Controllers/ProjectController.php', 201)
 2 SYSTEMPATH/CodeIgniter.php(934): App\Controllers\ProjectController->getAllData()
 3 SYSTEMPATH/CodeIgniter.php(499): CodeIgniter\CodeIgniter->runController(Object(App\Controllers\ProjectController))
 4 SYSTEMPATH/CodeIgniter.php(368): CodeIgniter\CodeIgniter->handleRequest(null, Object(Config\Cache), false)
 5 FCPATH/index.php(66): CodeIgniter\CodeIgniter->run()
CRITICAL - 2023-08-01 15:09:12 --> Trying to access array offset on value of type null
in APPPATH/Controllers/ProjectController.php on line 201.
 1 APPPATH/Controllers/ProjectController.php(201): CodeIgniter\Debug\Exceptions->errorHandler(2, 'Trying to access array offset on value of type null', 'APPPATH/Controllers/ProjectController.php', 201)
 2 SYSTEMPATH/CodeIgniter.php(934): App\Controllers\ProjectController->getAllData()
 3 SYSTEMPATH/CodeIgniter.php(499): CodeIgniter\CodeIgniter->runController(Object(App\Controllers\ProjectController))
 4 SYSTEMPATH/CodeIgniter.php(368): CodeIgniter\CodeIgniter->handleRequest(null, Object(Config\Cache), false)
 5 FCPATH/index.php(66): CodeIgniter\CodeIgniter->run()
CRITICAL - 2023-08-01 15:10:05 --> Trying to access array offset on value of type null
in APPPATH/Controllers/ProjectController.php on line 201.
 1 APPPATH/Controllers/ProjectController.php(201): CodeIgniter\Debug\Exceptions->errorHandler(2, 'Trying to access array offset on value of type null', 'APPPATH/Controllers/ProjectController.php', 201)
 2 SYSTEMPATH/CodeIgniter.php(934): App\Controllers\ProjectController->getAllData()
 3 SYSTEMPATH/CodeIgniter.php(499): CodeIgniter\CodeIgniter->runController(Object(App\Controllers\ProjectController))
 4 SYSTEMPATH/CodeIgniter.php(368): CodeIgniter\CodeIgniter->handleRequest(null, Object(Config\Cache), false)
 5 FCPATH/index.php(66): CodeIgniter\CodeIgniter->run()
CRITICAL - 2023-08-01 15:11:14 --> Trying to access array offset on value of type null
in APPPATH/Controllers/ProjectController.php on line 201.
 1 APPPATH/Controllers/ProjectController.php(201): CodeIgniter\Debug\Exceptions->errorHandler(2, 'Trying to access array offset on value of type null', 'APPPATH/Controllers/ProjectController.php', 201)
 2 SYSTEMPATH/CodeIgniter.php(934): App\Controllers\ProjectController->getAllData()
 3 SYSTEMPATH/CodeIgniter.php(499): CodeIgniter\CodeIgniter->runController(Object(App\Controllers\ProjectController))
 4 SYSTEMPATH/CodeIgniter.php(368): CodeIgniter\CodeIgniter->handleRequest(null, Object(Config\Cache), false)
 5 FCPATH/index.php(66): CodeIgniter\CodeIgniter->run()
CRITICAL - 2023-08-01 15:11:37 --> Trying to access array offset on value of type null
in APPPATH/Controllers/ProjectController.php on line 201.
 1 APPPATH/Controllers/ProjectController.php(201): CodeIgniter\Debug\Exceptions->errorHandler(2, 'Trying to access array offset on value of type null', 'APPPATH/Controllers/ProjectController.php', 201)
 2 SYSTEMPATH/CodeIgniter.php(934): App\Controllers\ProjectController->getAllData()
 3 SYSTEMPATH/CodeIgniter.php(499): CodeIgniter\CodeIgniter->runController(Object(App\Controllers\ProjectController))
 4 SYSTEMPATH/CodeIgniter.php(368): CodeIgniter\CodeIgniter->handleRequest(null, Object(Config\Cache), false)
 5 FCPATH/index.php(66): CodeIgniter\CodeIgniter->run()
CRITICAL - 2023-08-01 15:13:06 --> Trying to access array offset on value of type null
in APPPATH/Controllers/ProjectController.php on line 201.
 1 APPPATH/Controllers/ProjectController.php(201): CodeIgniter\Debug\Exceptions->errorHandler(2, 'Trying to access array offset on value of type null', 'APPPATH/Controllers/ProjectController.php', 201)
 2 SYSTEMPATH/CodeIgniter.php(934): App\Controllers\ProjectController->getAllData()
 3 SYSTEMPATH/CodeIgniter.php(499): CodeIgniter\CodeIgniter->runController(Object(App\Controllers\ProjectController))
 4 SYSTEMPATH/CodeIgniter.php(368): CodeIgniter\CodeIgniter->handleRequest(null, Object(Config\Cache), false)
 5 FCPATH/index.php(66): CodeIgniter\CodeIgniter->run()
CRITICAL - 2023-08-01 15:13:15 --> Trying to access array offset on value of type null
in APPPATH/Controllers/ProjectController.php on line 201.
 1 APPPATH/Controllers/ProjectController.php(201): CodeIgniter\Debug\Exceptions->errorHandler(2, 'Trying to access array offset on value of type null', 'APPPATH/Controllers/ProjectController.php', 201)
 2 SYSTEMPATH/CodeIgniter.php(934): App\Controllers\ProjectController->getAllData()
 3 SYSTEMPATH/CodeIgniter.php(499): CodeIgniter\CodeIgniter->runController(Object(App\Controllers\ProjectController))
 4 SYSTEMPATH/CodeIgniter.php(368): CodeIgniter\CodeIgniter->handleRequest(null, Object(Config\Cache), false)
 5 FCPATH/index.php(66): CodeIgniter\CodeIgniter->run()
CRITICAL - 2023-08-01 15:14:05 --> Trying to access array offset on value of type null
in APPPATH/Controllers/ProjectController.php on line 201.
 1 APPPATH/Controllers/ProjectController.php(201): CodeIgniter\Debug\Exceptions->errorHandler(2, 'Trying to access array offset on value of type null', 'APPPATH/Controllers/ProjectController.php', 201)
 2 SYSTEMPATH/CodeIgniter.php(934): App\Controllers\ProjectController->getAllData()
 3 SYSTEMPATH/CodeIgniter.php(499): CodeIgniter\CodeIgniter->runController(Object(App\Controllers\ProjectController))
 4 SYSTEMPATH/CodeIgniter.php(368): CodeIgniter\CodeIgniter->handleRequest(null, Object(Config\Cache), false)
 5 FCPATH/index.php(66): CodeIgniter\CodeIgniter->run()
CRITICAL - 2023-08-01 15:15:15 --> Trying to access array offset on value of type null
in APPPATH/Controllers/ProjectController.php on line 201.
 1 APPPATH/Controllers/ProjectController.php(201): CodeIgniter\Debug\Exceptions->errorHandler(2, 'Trying to access array offset on value of type null', 'APPPATH/Controllers/ProjectController.php', 201)
 2 SYSTEMPATH/CodeIgniter.php(934): App\Controllers\ProjectController->getAllData()
 3 SYSTEMPATH/CodeIgniter.php(499): CodeIgniter\CodeIgniter->runController(Object(App\Controllers\ProjectController))
 4 SYSTEMPATH/CodeIgniter.php(368): CodeIgniter\CodeIgniter->handleRequest(null, Object(Config\Cache), false)
 5 FCPATH/index.php(66): CodeIgniter\CodeIgniter->run()
CRITICAL - 2023-08-01 15:15:54 --> Trying to access array offset on value of type null
in APPPATH/Controllers/ProjectController.php on line 201.
 1 APPPATH/Controllers/ProjectController.php(201): CodeIgniter\Debug\Exceptions->errorHandler(2, 'Trying to access array offset on value of type null', 'APPPATH/Controllers/ProjectController.php', 201)
 2 SYSTEMPATH/CodeIgniter.php(934): App\Controllers\ProjectController->getAllData()
 3 SYSTEMPATH/CodeIgniter.php(499): CodeIgniter\CodeIgniter->runController(Object(App\Controllers\ProjectController))
 4 SYSTEMPATH/CodeIgniter.php(368): CodeIgniter\CodeIgniter->handleRequest(null, Object(Config\Cache), false)
 5 FCPATH/index.php(66): CodeIgniter\CodeIgniter->run()
CRITICAL - 2023-08-01 15:16:09 --> Trying to access array offset on value of type null
in APPPATH/Controllers/ProjectController.php on line 201.
 1 APPPATH/Controllers/ProjectController.php(201): CodeIgniter\Debug\Exceptions->errorHandler(2, 'Trying to access array offset on value of type null', 'APPPATH/Controllers/ProjectController.php', 201)
 2 SYSTEMPATH/CodeIgniter.php(934): App\Controllers\ProjectController->getAllData()
 3 SYSTEMPATH/CodeIgniter.php(499): CodeIgniter\CodeIgniter->runController(Object(App\Controllers\ProjectController))
 4 SYSTEMPATH/CodeIgniter.php(368): CodeIgniter\CodeIgniter->handleRequest(null, Object(Config\Cache), false)
 5 FCPATH/index.php(66): CodeIgniter\CodeIgniter->run()
CRITICAL - 2023-08-01 15:38:36 --> Trying to access array offset on value of type null
in APPPATH/Controllers/ProjectController.php on line 201.
 1 APPPATH/Controllers/ProjectController.php(201): CodeIgniter\Debug\Exceptions->errorHandler(2, 'Trying to access array offset on value of type null', 'APPPATH/Controllers/ProjectController.php', 201)
 2 SYSTEMPATH/CodeIgniter.php(934): App\Controllers\ProjectController->getAllData()
 3 SYSTEMPATH/CodeIgniter.php(499): CodeIgniter\CodeIgniter->runController(Object(App\Controllers\ProjectController))
 4 SYSTEMPATH/CodeIgniter.php(368): CodeIgniter\CodeIgniter->handleRequest(null, Object(Config\Cache), false)
 5 FCPATH/index.php(66): CodeIgniter\CodeIgniter->run()
CRITICAL - 2023-08-01 15:38:40 --> Trying to access array offset on value of type null
in APPPATH/Controllers/ProjectController.php on line 201.
 1 APPPATH/Controllers/ProjectController.php(201): CodeIgniter\Debug\Exceptions->errorHandler(2, 'Trying to access array offset on value of type null', 'APPPATH/Controllers/ProjectController.php', 201)
 2 SYSTEMPATH/CodeIgniter.php(934): App\Controllers\ProjectController->getAllData()
 3 SYSTEMPATH/CodeIgniter.php(499): CodeIgniter\CodeIgniter->runController(Object(App\Controllers\ProjectController))
 4 SYSTEMPATH/CodeIgniter.php(368): CodeIgniter\CodeIgniter->handleRequest(null, Object(Config\Cache), false)
 5 FCPATH/index.php(66): CodeIgniter\CodeIgniter->run()
CRITICAL - 2023-08-01 15:40:10 --> Trying to access array offset on value of type null
in APPPATH/Controllers/ProjectController.php on line 201.
 1 APPPATH/Controllers/ProjectController.php(201): CodeIgniter\Debug\Exceptions->errorHandler(2, 'Trying to access array offset on value of type null', 'APPPATH/Controllers/ProjectController.php', 201)
 2 SYSTEMPATH/CodeIgniter.php(934): App\Controllers\ProjectController->getAllData()
 3 SYSTEMPATH/CodeIgniter.php(499): CodeIgniter\CodeIgniter->runController(Object(App\Controllers\ProjectController))
 4 SYSTEMPATH/CodeIgniter.php(368): CodeIgniter\CodeIgniter->handleRequest(null, Object(Config\Cache), false)
 5 FCPATH/index.php(66): CodeIgniter\CodeIgniter->run()
CRITICAL - 2023-08-01 15:40:32 --> Trying to access array offset on value of type null
in APPPATH/Controllers/ProjectController.php on line 201.
 1 APPPATH/Controllers/ProjectController.php(201): CodeIgniter\Debug\Exceptions->errorHandler(2, 'Trying to access array offset on value of type null', 'APPPATH/Controllers/ProjectController.php', 201)
 2 SYSTEMPATH/CodeIgniter.php(934): App\Controllers\ProjectController->getAllData()
 3 SYSTEMPATH/CodeIgniter.php(499): CodeIgniter\CodeIgniter->runController(Object(App\Controllers\ProjectController))
 4 SYSTEMPATH/CodeIgniter.php(368): CodeIgniter\CodeIgniter->handleRequest(null, Object(Config\Cache), false)
 5 FCPATH/index.php(66): CodeIgniter\CodeIgniter->run()
CRITICAL - 2023-08-01 15:41:50 --> Trying to access array offset on value of type null
in APPPATH/Controllers/ProjectController.php on line 201.
 1 APPPATH/Controllers/ProjectController.php(201): CodeIgniter\Debug\Exceptions->errorHandler(2, 'Trying to access array offset on value of type null', 'APPPATH/Controllers/ProjectController.php', 201)
 2 SYSTEMPATH/CodeIgniter.php(934): App\Controllers\ProjectController->getAllData()
 3 SYSTEMPATH/CodeIgniter.php(499): CodeIgniter\CodeIgniter->runController(Object(App\Controllers\ProjectController))
 4 SYSTEMPATH/CodeIgniter.php(368): CodeIgniter\CodeIgniter->handleRequest(null, Object(Config\Cache), false)
 5 FCPATH/index.php(66): CodeIgniter\CodeIgniter->run()
CRITICAL - 2023-08-01 15:42:28 --> Trying to access array offset on value of type null
in APPPATH/Controllers/ProjectController.php on line 201.
 1 APPPATH/Controllers/ProjectController.php(201): CodeIgniter\Debug\Exceptions->errorHandler(2, 'Trying to access array offset on value of type null', 'APPPATH/Controllers/ProjectController.php', 201)
 2 SYSTEMPATH/CodeIgniter.php(934): App\Controllers\ProjectController->getAllData()
 3 SYSTEMPATH/CodeIgniter.php(499): CodeIgniter\CodeIgniter->runController(Object(App\Controllers\ProjectController))
 4 SYSTEMPATH/CodeIgniter.php(368): CodeIgniter\CodeIgniter->handleRequest(null, Object(Config\Cache), false)
 5 FCPATH/index.php(66): CodeIgniter\CodeIgniter->run()
CRITICAL - 2023-08-01 15:43:14 --> Trying to access array offset on value of type null
in APPPATH/Controllers/ProjectController.php on line 201.
 1 APPPATH/Controllers/ProjectController.php(201): CodeIgniter\Debug\Exceptions->errorHandler(2, 'Trying to access array offset on value of type null', 'APPPATH/Controllers/ProjectController.php', 201)
 2 SYSTEMPATH/CodeIgniter.php(934): App\Controllers\ProjectController->getAllData()
 3 SYSTEMPATH/CodeIgniter.php(499): CodeIgniter\CodeIgniter->runController(Object(App\Controllers\ProjectController))
 4 SYSTEMPATH/CodeIgniter.php(368): CodeIgniter\CodeIgniter->handleRequest(null, Object(Config\Cache), false)
 5 FCPATH/index.php(66): CodeIgniter\CodeIgniter->run()
CRITICAL - 2023-08-01 15:44:41 --> Trying to access array offset on value of type null
in APPPATH/Controllers/ProjectController.php on line 201.
 1 APPPATH/Controllers/ProjectController.php(201): CodeIgniter\Debug\Exceptions->errorHandler(2, 'Trying to access array offset on value of type null', 'APPPATH/Controllers/ProjectController.php', 201)
 2 SYSTEMPATH/CodeIgniter.php(934): App\Controllers\ProjectController->getAllData()
 3 SYSTEMPATH/CodeIgniter.php(499): CodeIgniter\CodeIgniter->runController(Object(App\Controllers\ProjectController))
 4 SYSTEMPATH/CodeIgniter.php(368): CodeIgniter\CodeIgniter->handleRequest(null, Object(Config\Cache), false)
 5 FCPATH/index.php(66): CodeIgniter\CodeIgniter->run()
CRITICAL - 2023-08-01 15:45:05 --> Trying to access array offset on value of type null
in APPPATH/Controllers/ProjectController.php on line 201.
 1 APPPATH/Controllers/ProjectController.php(201): CodeIgniter\Debug\Exceptions->errorHandler(2, 'Trying to access array offset on value of type null', 'APPPATH/Controllers/ProjectController.php', 201)
 2 SYSTEMPATH/CodeIgniter.php(934): App\Controllers\ProjectController->getAllData()
 3 SYSTEMPATH/CodeIgniter.php(499): CodeIgniter\CodeIgniter->runController(Object(App\Controllers\ProjectController))
 4 SYSTEMPATH/CodeIgniter.php(368): CodeIgniter\CodeIgniter->handleRequest(null, Object(Config\Cache), false)
 5 FCPATH/index.php(66): CodeIgniter\CodeIgniter->run()
CRITICAL - 2023-08-01 15:45:24 --> Trying to access array offset on value of type null
in APPPATH/Controllers/ProjectController.php on line 201.
 1 APPPATH/Controllers/ProjectController.php(201): CodeIgniter\Debug\Exceptions->errorHandler(2, 'Trying to access array offset on value of type null', 'APPPATH/Controllers/ProjectController.php', 201)
 2 SYSTEMPATH/CodeIgniter.php(934): App\Controllers\ProjectController->getAllData()
 3 SYSTEMPATH/CodeIgniter.php(499): CodeIgniter\CodeIgniter->runController(Object(App\Controllers\ProjectController))
 4 SYSTEMPATH/CodeIgniter.php(368): CodeIgniter\CodeIgniter->handleRequest(null, Object(Config\Cache), false)
 5 FCPATH/index.php(66): CodeIgniter\CodeIgniter->run()
CRITICAL - 2023-08-01 15:45:37 --> Trying to access array offset on value of type null
in APPPATH/Controllers/ProjectController.php on line 201.
 1 APPPATH/Controllers/ProjectController.php(201): CodeIgniter\Debug\Exceptions->errorHandler(2, 'Trying to access array offset on value of type null', 'APPPATH/Controllers/ProjectController.php', 201)
 2 SYSTEMPATH/CodeIgniter.php(934): App\Controllers\ProjectController->getAllData()
 3 SYSTEMPATH/CodeIgniter.php(499): CodeIgniter\CodeIgniter->runController(Object(App\Controllers\ProjectController))
 4 SYSTEMPATH/CodeIgniter.php(368): CodeIgniter\CodeIgniter->handleRequest(null, Object(Config\Cache), false)
 5 FCPATH/index.php(66): CodeIgniter\CodeIgniter->run()
CRITICAL - 2023-08-01 15:45:50 --> Trying to access array offset on value of type null
in APPPATH/Controllers/ProjectController.php on line 201.
 1 APPPATH/Controllers/ProjectController.php(201): CodeIgniter\Debug\Exceptions->errorHandler(2, 'Trying to access array offset on value of type null', 'APPPATH/Controllers/ProjectController.php', 201)
 2 SYSTEMPATH/CodeIgniter.php(934): App\Controllers\ProjectController->getAllData()
 3 SYSTEMPATH/CodeIgniter.php(499): CodeIgniter\CodeIgniter->runController(Object(App\Controllers\ProjectController))
 4 SYSTEMPATH/CodeIgniter.php(368): CodeIgniter\CodeIgniter->handleRequest(null, Object(Config\Cache), false)
 5 FCPATH/index.php(66): CodeIgniter\CodeIgniter->run()
CRITICAL - 2023-08-01 15:45:59 --> Trying to access array offset on value of type null
in APPPATH/Controllers/ProjectController.php on line 201.
 1 APPPATH/Controllers/ProjectController.php(201): CodeIgniter\Debug\Exceptions->errorHandler(2, 'Trying to access array offset on value of type null', 'APPPATH/Controllers/ProjectController.php', 201)
 2 SYSTEMPATH/CodeIgniter.php(934): App\Controllers\ProjectController->getAllData()
 3 SYSTEMPATH/CodeIgniter.php(499): CodeIgniter\CodeIgniter->runController(Object(App\Controllers\ProjectController))
 4 SYSTEMPATH/CodeIgniter.php(368): CodeIgniter\CodeIgniter->handleRequest(null, Object(Config\Cache), false)
 5 FCPATH/index.php(66): CodeIgniter\CodeIgniter->run()
CRITICAL - 2023-08-01 15:46:08 --> Trying to access array offset on value of type null
in APPPATH/Controllers/ProjectController.php on line 201.
 1 APPPATH/Controllers/ProjectController.php(201): CodeIgniter\Debug\Exceptions->errorHandler(2, 'Trying to access array offset on value of type null', 'APPPATH/Controllers/ProjectController.php', 201)
 2 SYSTEMPATH/CodeIgniter.php(934): App\Controllers\ProjectController->getAllData()
 3 SYSTEMPATH/CodeIgniter.php(499): CodeIgniter\CodeIgniter->runController(Object(App\Controllers\ProjectController))
 4 SYSTEMPATH/CodeIgniter.php(368): CodeIgniter\CodeIgniter->handleRequest(null, Object(Config\Cache), false)
 5 FCPATH/index.php(66): CodeIgniter\CodeIgniter->run()
CRITICAL - 2023-08-01 15:46:35 --> Trying to access array offset on value of type null
in APPPATH/Controllers/ProjectController.php on line 201.
 1 APPPATH/Controllers/ProjectController.php(201): CodeIgniter\Debug\Exceptions->errorHandler(2, 'Trying to access array offset on value of type null', 'APPPATH/Controllers/ProjectController.php', 201)
 2 SYSTEMPATH/CodeIgniter.php(934): App\Controllers\ProjectController->getAllData()
 3 SYSTEMPATH/CodeIgniter.php(499): CodeIgniter\CodeIgniter->runController(Object(App\Controllers\ProjectController))
 4 SYSTEMPATH/CodeIgniter.php(368): CodeIgniter\CodeIgniter->handleRequest(null, Object(Config\Cache), false)
 5 FCPATH/index.php(66): CodeIgniter\CodeIgniter->run()
CRITICAL - 2023-08-01 15:47:05 --> Trying to access array offset on value of type null
in APPPATH/Controllers/ProjectController.php on line 201.
 1 APPPATH/Controllers/ProjectController.php(201): CodeIgniter\Debug\Exceptions->errorHandler(2, 'Trying to access array offset on value of type null', 'APPPATH/Controllers/ProjectController.php', 201)
 2 SYSTEMPATH/CodeIgniter.php(934): App\Controllers\ProjectController->getAllData()
 3 SYSTEMPATH/CodeIgniter.php(499): CodeIgniter\CodeIgniter->runController(Object(App\Controllers\ProjectController))
 4 SYSTEMPATH/CodeIgniter.php(368): CodeIgniter\CodeIgniter->handleRequest(null, Object(Config\Cache), false)
 5 FCPATH/index.php(66): CodeIgniter\CodeIgniter->run()
CRITICAL - 2023-08-01 15:47:25 --> Trying to access array offset on value of type null
in APPPATH/Controllers/ProjectController.php on line 201.
 1 APPPATH/Controllers/ProjectController.php(201): CodeIgniter\Debug\Exceptions->errorHandler(2, 'Trying to access array offset on value of type null', 'APPPATH/Controllers/ProjectController.php', 201)
 2 SYSTEMPATH/CodeIgniter.php(934): App\Controllers\ProjectController->getAllData()
 3 SYSTEMPATH/CodeIgniter.php(499): CodeIgniter\CodeIgniter->runController(Object(App\Controllers\ProjectController))
 4 SYSTEMPATH/CodeIgniter.php(368): CodeIgniter\CodeIgniter->handleRequest(null, Object(Config\Cache), false)
 5 FCPATH/index.php(66): CodeIgniter\CodeIgniter->run()
CRITICAL - 2023-08-01 15:47:42 --> Trying to access array offset on value of type null
in APPPATH/Controllers/ProjectController.php on line 201.
 1 APPPATH/Controllers/ProjectController.php(201): CodeIgniter\Debug\Exceptions->errorHandler(2, 'Trying to access array offset on value of type null', 'APPPATH/Controllers/ProjectController.php', 201)
 2 SYSTEMPATH/CodeIgniter.php(934): App\Controllers\ProjectController->getAllData()
 3 SYSTEMPATH/CodeIgniter.php(499): CodeIgniter\CodeIgniter->runController(Object(App\Controllers\ProjectController))
 4 SYSTEMPATH/CodeIgniter.php(368): CodeIgniter\CodeIgniter->handleRequest(null, Object(Config\Cache), false)
 5 FCPATH/index.php(66): CodeIgniter\CodeIgniter->run()
CRITICAL - 2023-08-01 15:48:32 --> Trying to access array offset on value of type null
in APPPATH/Controllers/ProjectController.php on line 201.
 1 APPPATH/Controllers/ProjectController.php(201): CodeIgniter\Debug\Exceptions->errorHandler(2, 'Trying to access array offset on value of type null', 'APPPATH/Controllers/ProjectController.php', 201)
 2 SYSTEMPATH/CodeIgniter.php(934): App\Controllers\ProjectController->getAllData()
 3 SYSTEMPATH/CodeIgniter.php(499): CodeIgniter\CodeIgniter->runController(Object(App\Controllers\ProjectController))
 4 SYSTEMPATH/CodeIgniter.php(368): CodeIgniter\CodeIgniter->handleRequest(null, Object(Config\Cache), false)
 5 FCPATH/index.php(66): CodeIgniter\CodeIgniter->run()
CRITICAL - 2023-08-01 15:50:22 --> Trying to access array offset on value of type null
in APPPATH/Controllers/ProjectController.php on line 201.
 1 APPPATH/Controllers/ProjectController.php(201): CodeIgniter\Debug\Exceptions->errorHandler(2, 'Trying to access array offset on value of type null', 'APPPATH/Controllers/ProjectController.php', 201)
 2 SYSTEMPATH/CodeIgniter.php(934): App\Controllers\ProjectController->getAllData()
 3 SYSTEMPATH/CodeIgniter.php(499): CodeIgniter\CodeIgniter->runController(Object(App\Controllers\ProjectController))
 4 SYSTEMPATH/CodeIgniter.php(368): CodeIgniter\CodeIgniter->handleRequest(null, Object(Config\Cache), false)
 5 FCPATH/index.php(66): CodeIgniter\CodeIgniter->run()
CRITICAL - 2023-08-01 15:51:07 --> Trying to access array offset on value of type null
in APPPATH/Controllers/ProjectController.php on line 201.
 1 APPPATH/Controllers/ProjectController.php(201): CodeIgniter\Debug\Exceptions->errorHandler(2, 'Trying to access array offset on value of type null', 'APPPATH/Controllers/ProjectController.php', 201)
 2 SYSTEMPATH/CodeIgniter.php(934): App\Controllers\ProjectController->getAllData()
 3 SYSTEMPATH/CodeIgniter.php(499): CodeIgniter\CodeIgniter->runController(Object(App\Controllers\ProjectController))
 4 SYSTEMPATH/CodeIgniter.php(368): CodeIgniter\CodeIgniter->handleRequest(null, Object(Config\Cache), false)
 5 FCPATH/index.php(66): CodeIgniter\CodeIgniter->run()
CRITICAL - 2023-08-01 15:51:19 --> Trying to access array offset on value of type null
in APPPATH/Controllers/ProjectController.php on line 201.
 1 APPPATH/Controllers/ProjectController.php(201): CodeIgniter\Debug\Exceptions->errorHandler(2, 'Trying to access array offset on value of type null', 'APPPATH/Controllers/ProjectController.php', 201)
 2 SYSTEMPATH/CodeIgniter.php(934): App\Controllers\ProjectController->getAllData()
 3 SYSTEMPATH/CodeIgniter.php(499): CodeIgniter\CodeIgniter->runController(Object(App\Controllers\ProjectController))
 4 SYSTEMPATH/CodeIgniter.php(368): CodeIgniter\CodeIgniter->handleRequest(null, Object(Config\Cache), false)
 5 FCPATH/index.php(66): CodeIgniter\CodeIgniter->run()
CRITICAL - 2023-08-01 15:51:57 --> Trying to access array offset on value of type null
in APPPATH/Controllers/ProjectController.php on line 201.
 1 APPPATH/Controllers/ProjectController.php(201): CodeIgniter\Debug\Exceptions->errorHandler(2, 'Trying to access array offset on value of type null', 'APPPATH/Controllers/ProjectController.php', 201)
 2 SYSTEMPATH/CodeIgniter.php(934): App\Controllers\ProjectController->getAllData()
 3 SYSTEMPATH/CodeIgniter.php(499): CodeIgniter\CodeIgniter->runController(Object(App\Controllers\ProjectController))
 4 SYSTEMPATH/CodeIgniter.php(368): CodeIgniter\CodeIgniter->handleRequest(null, Object(Config\Cache), false)
 5 FCPATH/index.php(66): CodeIgniter\CodeIgniter->run()
CRITICAL - 2023-08-01 15:52:25 --> Trying to access array offset on value of type null
in APPPATH/Controllers/ProjectController.php on line 201.
 1 APPPATH/Controllers/ProjectController.php(201): CodeIgniter\Debug\Exceptions->errorHandler(2, 'Trying to access array offset on value of type null', 'APPPATH/Controllers/ProjectController.php', 201)
 2 SYSTEMPATH/CodeIgniter.php(934): App\Controllers\ProjectController->getAllData()
 3 SYSTEMPATH/CodeIgniter.php(499): CodeIgniter\CodeIgniter->runController(Object(App\Controllers\ProjectController))
 4 SYSTEMPATH/CodeIgniter.php(368): CodeIgniter\CodeIgniter->handleRequest(null, Object(Config\Cache), false)
 5 FCPATH/index.php(66): CodeIgniter\CodeIgniter->run()
CRITICAL - 2023-08-01 15:52:40 --> Trying to access array offset on value of type null
in APPPATH/Controllers/ProjectController.php on line 201.
 1 APPPATH/Controllers/ProjectController.php(201): CodeIgniter\Debug\Exceptions->errorHandler(2, 'Trying to access array offset on value of type null', 'APPPATH/Controllers/ProjectController.php', 201)
 2 SYSTEMPATH/CodeIgniter.php(934): App\Controllers\ProjectController->getAllData()
 3 SYSTEMPATH/CodeIgniter.php(499): CodeIgniter\CodeIgniter->runController(Object(App\Controllers\ProjectController))
 4 SYSTEMPATH/CodeIgniter.php(368): CodeIgniter\CodeIgniter->handleRequest(null, Object(Config\Cache), false)
 5 FCPATH/index.php(66): CodeIgniter\CodeIgniter->run()
CRITICAL - 2023-08-01 15:52:42 --> Trying to access array offset on value of type null
in APPPATH/Controllers/ProjectController.php on line 201.
 1 APPPATH/Controllers/ProjectController.php(201): CodeIgniter\Debug\Exceptions->errorHandler(2, 'Trying to access array offset on value of type null', 'APPPATH/Controllers/ProjectController.php', 201)
 2 SYSTEMPATH/CodeIgniter.php(934): App\Controllers\ProjectController->getAllData()
 3 SYSTEMPATH/CodeIgniter.php(499): CodeIgniter\CodeIgniter->runController(Object(App\Controllers\ProjectController))
 4 SYSTEMPATH/CodeIgniter.php(368): CodeIgniter\CodeIgniter->handleRequest(null, Object(Config\Cache), false)
 5 FCPATH/index.php(66): CodeIgniter\CodeIgniter->run()
CRITICAL - 2023-08-01 15:53:24 --> Trying to access array offset on value of type null
in APPPATH/Controllers/ProjectController.php on line 201.
 1 APPPATH/Controllers/ProjectController.php(201): CodeIgniter\Debug\Exceptions->errorHandler(2, 'Trying to access array offset on value of type null', 'APPPATH/Controllers/ProjectController.php', 201)
 2 SYSTEMPATH/CodeIgniter.php(934): App\Controllers\ProjectController->getAllData()
 3 SYSTEMPATH/CodeIgniter.php(499): CodeIgniter\CodeIgniter->runController(Object(App\Controllers\ProjectController))
 4 SYSTEMPATH/CodeIgniter.php(368): CodeIgniter\CodeIgniter->handleRequest(null, Object(Config\Cache), false)
 5 FCPATH/index.php(66): CodeIgniter\CodeIgniter->run()
CRITICAL - 2023-08-01 15:53:43 --> Trying to access array offset on value of type null
in APPPATH/Controllers/ProjectController.php on line 201.
 1 APPPATH/Controllers/ProjectController.php(201): CodeIgniter\Debug\Exceptions->errorHandler(2, 'Trying to access array offset on value of type null', 'APPPATH/Controllers/ProjectController.php', 201)
 2 SYSTEMPATH/CodeIgniter.php(934): App\Controllers\ProjectController->getAllData()
 3 SYSTEMPATH/CodeIgniter.php(499): CodeIgniter\CodeIgniter->runController(Object(App\Controllers\ProjectController))
 4 SYSTEMPATH/CodeIgniter.php(368): CodeIgniter\CodeIgniter->handleRequest(null, Object(Config\Cache), false)
 5 FCPATH/index.php(66): CodeIgniter\CodeIgniter->run()
CRITICAL - 2023-08-01 15:53:49 --> Trying to access array offset on value of type null
in APPPATH/Controllers/ProjectController.php on line 201.
 1 APPPATH/Controllers/ProjectController.php(201): CodeIgniter\Debug\Exceptions->errorHandler(2, 'Trying to access array offset on value of type null', 'APPPATH/Controllers/ProjectController.php', 201)
 2 SYSTEMPATH/CodeIgniter.php(934): App\Controllers\ProjectController->getAllData()
 3 SYSTEMPATH/CodeIgniter.php(499): CodeIgniter\CodeIgniter->runController(Object(App\Controllers\ProjectController))
 4 SYSTEMPATH/CodeIgniter.php(368): CodeIgniter\CodeIgniter->handleRequest(null, Object(Config\Cache), false)
 5 FCPATH/index.php(66): CodeIgniter\CodeIgniter->run()
CRITICAL - 2023-08-01 15:55:43 --> Trying to access array offset on value of type null
in APPPATH/Controllers/ProjectController.php on line 201.
 1 APPPATH/Controllers/ProjectController.php(201): CodeIgniter\Debug\Exceptions->errorHandler(2, 'Trying to access array offset on value of type null', 'APPPATH/Controllers/ProjectController.php', 201)
 2 SYSTEMPATH/CodeIgniter.php(934): App\Controllers\ProjectController->getAllData()
 3 SYSTEMPATH/CodeIgniter.php(499): CodeIgniter\CodeIgniter->runController(Object(App\Controllers\ProjectController))
 4 SYSTEMPATH/CodeIgniter.php(368): CodeIgniter\CodeIgniter->handleRequest(null, Object(Config\Cache), false)
 5 FCPATH/index.php(66): CodeIgniter\CodeIgniter->run()
CRITICAL - 2023-08-01 15:55:46 --> Trying to access array offset on value of type null
in APPPATH/Controllers/ProjectController.php on line 201.
 1 APPPATH/Controllers/ProjectController.php(201): CodeIgniter\Debug\Exceptions->errorHandler(2, 'Trying to access array offset on value of type null', 'APPPATH/Controllers/ProjectController.php', 201)
 2 SYSTEMPATH/CodeIgniter.php(934): App\Controllers\ProjectController->getAllData()
 3 SYSTEMPATH/CodeIgniter.php(499): CodeIgniter\CodeIgniter->runController(Object(App\Controllers\ProjectController))
 4 SYSTEMPATH/CodeIgniter.php(368): CodeIgniter\CodeIgniter->handleRequest(null, Object(Config\Cache), false)
 5 FCPATH/index.php(66): CodeIgniter\CodeIgniter->run()
CRITICAL - 2023-08-01 15:57:06 --> Trying to access array offset on value of type null
in APPPATH/Controllers/ProjectController.php on line 201.
 1 APPPATH/Controllers/ProjectController.php(201): CodeIgniter\Debug\Exceptions->errorHandler(2, 'Trying to access array offset on value of type null', 'APPPATH/Controllers/ProjectController.php', 201)
 2 SYSTEMPATH/CodeIgniter.php(934): App\Controllers\ProjectController->getAllData()
 3 SYSTEMPATH/CodeIgniter.php(499): CodeIgniter\CodeIgniter->runController(Object(App\Controllers\ProjectController))
 4 SYSTEMPATH/CodeIgniter.php(368): CodeIgniter\CodeIgniter->handleRequest(null, Object(Config\Cache), false)
 5 FCPATH/index.php(66): CodeIgniter\CodeIgniter->run()
CRITICAL - 2023-08-01 15:59:26 --> Trying to access array offset on value of type null
in APPPATH/Controllers/ProjectController.php on line 201.
 1 APPPATH/Controllers/ProjectController.php(201): CodeIgniter\Debug\Exceptions->errorHandler(2, 'Trying to access array offset on value of type null', 'APPPATH/Controllers/ProjectController.php', 201)
 2 SYSTEMPATH/CodeIgniter.php(934): App\Controllers\ProjectController->getAllData()
 3 SYSTEMPATH/CodeIgniter.php(499): CodeIgniter\CodeIgniter->runController(Object(App\Controllers\ProjectController))
 4 SYSTEMPATH/CodeIgniter.php(368): CodeIgniter\CodeIgniter->handleRequest(null, Object(Config\Cache), false)
 5 FCPATH/index.php(66): CodeIgniter\CodeIgniter->run()
CRITICAL - 2023-08-01 15:59:40 --> Trying to access array offset on value of type null
in APPPATH/Controllers/ProjectController.php on line 201.
 1 APPPATH/Controllers/ProjectController.php(201): CodeIgniter\Debug\Exceptions->errorHandler(2, 'Trying to access array offset on value of type null', 'APPPATH/Controllers/ProjectController.php', 201)
 2 SYSTEMPATH/CodeIgniter.php(934): App\Controllers\ProjectController->getAllData()
 3 SYSTEMPATH/CodeIgniter.php(499): CodeIgniter\CodeIgniter->runController(Object(App\Controllers\ProjectController))
 4 SYSTEMPATH/CodeIgniter.php(368): CodeIgniter\CodeIgniter->handleRequest(null, Object(Config\Cache), false)
 5 FCPATH/index.php(66): CodeIgniter\CodeIgniter->run()
CRITICAL - 2023-08-01 15:59:58 --> Trying to access array offset on value of type null
in APPPATH/Controllers/ProjectController.php on line 201.
 1 APPPATH/Controllers/ProjectController.php(201): CodeIgniter\Debug\Exceptions->errorHandler(2, 'Trying to access array offset on value of type null', 'APPPATH/Controllers/ProjectController.php', 201)
 2 SYSTEMPATH/CodeIgniter.php(934): App\Controllers\ProjectController->getAllData()
 3 SYSTEMPATH/CodeIgniter.php(499): CodeIgniter\CodeIgniter->runController(Object(App\Controllers\ProjectController))
 4 SYSTEMPATH/CodeIgniter.php(368): CodeIgniter\CodeIgniter->handleRequest(null, Object(Config\Cache), false)
 5 FCPATH/index.php(66): CodeIgniter\CodeIgniter->run()
CRITICAL - 2023-08-01 16:00:23 --> Trying to access array offset on value of type null
in APPPATH/Controllers/ProjectController.php on line 201.
 1 APPPATH/Controllers/ProjectController.php(201): CodeIgniter\Debug\Exceptions->errorHandler(2, 'Trying to access array offset on value of type null', 'APPPATH/Controllers/ProjectController.php', 201)
 2 SYSTEMPATH/CodeIgniter.php(934): App\Controllers\ProjectController->getAllData()
 3 SYSTEMPATH/CodeIgniter.php(499): CodeIgniter\CodeIgniter->runController(Object(App\Controllers\ProjectController))
 4 SYSTEMPATH/CodeIgniter.php(368): CodeIgniter\CodeIgniter->handleRequest(null, Object(Config\Cache), false)
 5 FCPATH/index.php(66): CodeIgniter\CodeIgniter->run()
CRITICAL - 2023-08-01 16:00:40 --> Trying to access array offset on value of type null
in APPPATH/Controllers/ProjectController.php on line 201.
 1 APPPATH/Controllers/ProjectController.php(201): CodeIgniter\Debug\Exceptions->errorHandler(2, 'Trying to access array offset on value of type null', 'APPPATH/Controllers/ProjectController.php', 201)
 2 SYSTEMPATH/CodeIgniter.php(934): App\Controllers\ProjectController->getAllData()
 3 SYSTEMPATH/CodeIgniter.php(499): CodeIgniter\CodeIgniter->runController(Object(App\Controllers\ProjectController))
 4 SYSTEMPATH/CodeIgniter.php(368): CodeIgniter\CodeIgniter->handleRequest(null, Object(Config\Cache), false)
 5 FCPATH/index.php(66): CodeIgniter\CodeIgniter->run()
CRITICAL - 2023-08-01 16:00:54 --> Trying to access array offset on value of type null
in APPPATH/Controllers/ProjectController.php on line 201.
 1 APPPATH/Controllers/ProjectController.php(201): CodeIgniter\Debug\Exceptions->errorHandler(2, 'Trying to access array offset on value of type null', 'APPPATH/Controllers/ProjectController.php', 201)
 2 SYSTEMPATH/CodeIgniter.php(934): App\Controllers\ProjectController->getAllData()
 3 SYSTEMPATH/CodeIgniter.php(499): CodeIgniter\CodeIgniter->runController(Object(App\Controllers\ProjectController))
 4 SYSTEMPATH/CodeIgniter.php(368): CodeIgniter\CodeIgniter->handleRequest(null, Object(Config\Cache), false)
 5 FCPATH/index.php(66): CodeIgniter\CodeIgniter->run()
CRITICAL - 2023-08-01 16:01:19 --> Trying to access array offset on value of type null
in APPPATH/Controllers/ProjectController.php on line 201.
 1 APPPATH/Controllers/ProjectController.php(201): CodeIgniter\Debug\Exceptions->errorHandler(2, 'Trying to access array offset on value of type null', 'APPPATH/Controllers/ProjectController.php', 201)
 2 SYSTEMPATH/CodeIgniter.php(934): App\Controllers\ProjectController->getAllData()
 3 SYSTEMPATH/CodeIgniter.php(499): CodeIgniter\CodeIgniter->runController(Object(App\Controllers\ProjectController))
 4 SYSTEMPATH/CodeIgniter.php(368): CodeIgniter\CodeIgniter->handleRequest(null, Object(Config\Cache), false)
 5 FCPATH/index.php(66): CodeIgniter\CodeIgniter->run()
CRITICAL - 2023-08-01 16:24:23 --> Trying to access array offset on value of type null
in APPPATH/Controllers/ProjectController.php on line 201.
 1 APPPATH/Controllers/ProjectController.php(201): CodeIgniter\Debug\Exceptions->errorHandler(2, 'Trying to access array offset on value of type null', 'APPPATH/Controllers/ProjectController.php', 201)
 2 SYSTEMPATH/CodeIgniter.php(934): App\Controllers\ProjectController->getAllData()
 3 SYSTEMPATH/CodeIgniter.php(499): CodeIgniter\CodeIgniter->runController(Object(App\Controllers\ProjectController))
 4 SYSTEMPATH/CodeIgniter.php(368): CodeIgniter\CodeIgniter->handleRequest(null, Object(Config\Cache), false)
 5 FCPATH/index.php(66): CodeIgniter\CodeIgniter->run()
CRITICAL - 2023-08-01 16:29:58 --> Trying to access array offset on value of type null
in APPPATH/Controllers/ProjectController.php on line 201.
 1 APPPATH/Controllers/ProjectController.php(201): CodeIgniter\Debug\Exceptions->errorHandler(2, 'Trying to access array offset on value of type null', 'APPPATH/Controllers/ProjectController.php', 201)
 2 SYSTEMPATH/CodeIgniter.php(934): App\Controllers\ProjectController->getAllData()
 3 SYSTEMPATH/CodeIgniter.php(499): CodeIgniter\CodeIgniter->runController(Object(App\Controllers\ProjectController))
 4 SYSTEMPATH/CodeIgniter.php(368): CodeIgniter\CodeIgniter->handleRequest(null, Object(Config\Cache), false)
 5 FCPATH/index.php(66): CodeIgniter\CodeIgniter->run()
CRITICAL - 2023-08-01 16:32:38 --> Trying to access array offset on value of type null
in APPPATH/Controllers/ProjectController.php on line 201.
 1 APPPATH/Controllers/ProjectController.php(201): CodeIgniter\Debug\Exceptions->errorHandler(2, 'Trying to access array offset on value of type null', 'APPPATH/Controllers/ProjectController.php', 201)
 2 SYSTEMPATH/CodeIgniter.php(934): App\Controllers\ProjectController->getAllData()
 3 SYSTEMPATH/CodeIgniter.php(499): CodeIgniter\CodeIgniter->runController(Object(App\Controllers\ProjectController))
 4 SYSTEMPATH/CodeIgniter.php(368): CodeIgniter\CodeIgniter->handleRequest(null, Object(Config\Cache), false)
 5 FCPATH/index.php(66): CodeIgniter\CodeIgniter->run()
CRITICAL - 2023-08-01 16:36:02 --> Trying to access array offset on value of type null
in APPPATH/Controllers/ProjectController.php on line 201.
 1 APPPATH/Controllers/ProjectController.php(201): CodeIgniter\Debug\Exceptions->errorHandler(2, 'Trying to access array offset on value of type null', 'APPPATH/Controllers/ProjectController.php', 201)
 2 SYSTEMPATH/CodeIgniter.php(934): App\Controllers\ProjectController->getAllData()
 3 SYSTEMPATH/CodeIgniter.php(499): CodeIgniter\CodeIgniter->runController(Object(App\Controllers\ProjectController))
 4 SYSTEMPATH/CodeIgniter.php(368): CodeIgniter\CodeIgniter->handleRequest(null, Object(Config\Cache), false)
 5 FCPATH/index.php(66): CodeIgniter\CodeIgniter->run()
